<?xml version="1.0" encoding="UTF-8"?>
<coverage generated="1769545075281" clover="3.2.0">
  <project timestamp="1769545075281" name="All files">
    <metrics statements="220" coveredstatements="212" conditionals="95" coveredconditionals="83" methods="45" coveredmethods="37" elements="360" coveredelements="332" complexity="0" loc="220" ncloc="220" packages="7" files="10" classes="10"/>
    <package name="src">
      <metrics statements="12" coveredstatements="12" conditionals="1" coveredconditionals="1" methods="7" coveredmethods="3"/>
      <file name="index.ts" path="/Users/acedergr/Projects/opencode-oci-genai/packages/oci-genai-provider/src/index.ts">
        <metrics statements="12" coveredstatements="12" conditionals="1" coveredconditionals="1" methods="7" coveredmethods="3"/>
        <line num="3" count="1" type="stmt"/>
        <line num="8" count="1" type="cond" truecount="1" falsecount="0"/>
        <line num="9" count="16" type="stmt"/>
        <line num="12" count="9" type="stmt"/>
        <line num="20" count="1" type="stmt"/>
        <line num="21" count="2" type="stmt"/>
        <line num="22" count="2" type="stmt"/>
        <line num="29" count="1" type="stmt"/>
        <line num="30" count="1" type="stmt"/>
        <line num="31" count="1" type="stmt"/>
        <line num="32" count="1" type="stmt"/>
        <line num="33" count="1" type="stmt"/>
      </file>
    </package>
    <package name="src.auth">
      <metrics statements="18" coveredstatements="18" conditionals="16" coveredconditionals="16" methods="3" coveredmethods="3"/>
      <file name="index.ts" path="/Users/acedergr/Projects/opencode-oci-genai/packages/oci-genai-provider/src/auth/index.ts">
        <metrics statements="18" coveredstatements="18" conditionals="16" coveredconditionals="16" methods="3" coveredmethods="3"/>
        <line num="1" count="2" type="stmt"/>
        <line num="7" count="2" type="stmt"/>
        <line num="10" count="6" type="cond" truecount="2" falsecount="0"/>
        <line num="12" count="6" type="cond" truecount="4" falsecount="0"/>
        <line num="14" count="3" type="cond" truecount="2" falsecount="0"/>
        <line num="15" count="3" type="cond" truecount="2" falsecount="0"/>
        <line num="17" count="3" type="stmt"/>
        <line num="21" count="1" type="stmt"/>
        <line num="22" count="1" type="stmt"/>
        <line num="26" count="1" type="stmt"/>
        <line num="30" count="1" type="stmt"/>
        <line num="40" count="2" type="stmt"/>
        <line num="42" count="4" type="cond" truecount="2" falsecount="0"/>
        <line num="44" count="4" type="cond" truecount="1" falsecount="0"/>
        <line num="45" count="1" type="stmt"/>
        <line num="50" count="3" type="stmt"/>
        <line num="56" count="2" type="stmt"/>
        <line num="57" count="4" type="cond" truecount="3" falsecount="0"/>
      </file>
    </package>
    <package name="src.converters">
      <metrics statements="14" coveredstatements="14" conditionals="5" coveredconditionals="4" methods="3" coveredmethods="3"/>
      <file name="messages.ts" path="/Users/acedergr/Projects/opencode-oci-genai/packages/oci-genai-provider/src/converters/messages.ts">
        <metrics statements="14" coveredstatements="14" conditionals="5" coveredconditionals="4" methods="3" coveredmethods="3"/>
        <line num="14" count="4" type="stmt"/>
        <line num="20" count="4" type="stmt"/>
        <line num="21" count="26" type="stmt"/>
        <line num="22" count="28" type="stmt"/>
        <line num="24" count="28" type="cond" truecount="1" falsecount="0"/>
        <line num="25" count="1" type="stmt"/>
        <line num="28" count="27" type="stmt"/>
        <line num="31" count="27" type="cond" truecount="1" falsecount="0"/>
        <line num="32" count="2" type="stmt"/>
        <line num="39" count="25" type="cond" truecount="1" falsecount="1"/>
        <line num="41" count="125" type="cond" truecount="1" falsecount="0"/>
        <line num="42" count="74" type="stmt"/>
        <line num="44" count="125" type="stmt"/>
        <line num="48" count="25" type="stmt"/>
      </file>
    </package>
    <package name="src.errors">
      <metrics statements="22" coveredstatements="22" conditionals="15" coveredconditionals="15" methods="3" coveredmethods="3"/>
      <file name="index.ts" path="/Users/acedergr/Projects/opencode-oci-genai/packages/oci-genai-provider/src/errors/index.ts">
        <metrics statements="22" coveredstatements="22" conditionals="15" coveredconditionals="15" methods="3" coveredmethods="3"/>
        <line num="1" count="4" type="stmt"/>
        <line num="4" count="16" type="stmt"/>
        <line num="5" count="16" type="cond" truecount="1" falsecount="0"/>
        <line num="7" count="16" type="stmt"/>
        <line num="8" count="16" type="stmt"/>
        <line num="12" count="4" type="stmt"/>
        <line num="13" count="16" type="cond" truecount="2" falsecount="0"/>
        <line num="16" count="4" type="stmt"/>
        <line num="18" count="12" type="cond" truecount="1" falsecount="0"/>
        <line num="19" count="1" type="stmt"/>
        <line num="23" count="11" type="stmt"/>
        <line num="24" count="11" type="cond" truecount="2" falsecount="0"/>
        <line num="27" count="11" type="cond" truecount="2" falsecount="0"/>
        <line num="30" count="11" type="cond" truecount="2" falsecount="0"/>
        <line num="31" count="2" type="stmt"/>
        <line num="32" count="9" type="cond" truecount="2" falsecount="0"/>
        <line num="33" count="2" type="stmt"/>
        <line num="34" count="7" type="cond" truecount="2" falsecount="0"/>
        <line num="35" count="1" type="stmt"/>
        <line num="36" count="6" type="cond" truecount="1" falsecount="0"/>
        <line num="37" count="2" type="stmt"/>
        <line num="40" count="11" type="stmt"/>
      </file>
    </package>
    <package name="src.models">
      <metrics statements="62" coveredstatements="61" conditionals="15" coveredconditionals="10" methods="12" coveredmethods="12"/>
      <file name="oci-language-model.ts" path="/Users/acedergr/Projects/opencode-oci-genai/packages/oci-genai-provider/src/models/oci-language-model.ts">
        <metrics statements="53" coveredstatements="52" conditionals="15" coveredconditionals="10" methods="5" coveredmethods="5"/>
        <line num="8" count="3" type="stmt"/>
        <line num="9" count="3" type="stmt"/>
        <line num="11" count="3" type="stmt"/>
        <line num="12" count="3" type="stmt"/>
        <line num="13" count="3" type="stmt"/>
        <line num="14" count="3" type="stmt"/>
        <line num="15" count="3" type="stmt"/>
        <line num="34" count="3" type="stmt"/>
        <line num="35" count="28" type="stmt"/>
        <line num="36" count="28" type="stmt"/>
        <line num="37" count="28" type="stmt"/>
        <line num="38" count="28" type="stmt"/>
        <line num="42" count="28" type="stmt"/>
        <line num="43" count="28" type="stmt"/>
        <line num="45" count="28" type="cond" truecount="1" falsecount="0"/>
        <line num="46" count="2" type="stmt"/>
        <line num="52" count="16" type="cond" truecount="1" falsecount="0"/>
        <line num="53" count="15" type="stmt"/>
        <line num="54" count="15" type="stmt"/>
        <line num="55" count="13" type="stmt"/>
        <line num="57" count="13" type="stmt"/>
        <line num="62" count="13" type="stmt"/>
        <line num="65" count="2" type="cond" truecount="1" falsecount="1"/>
        <line num="66" count="2" type="stmt"/>
        <line num="72" count="14" type="stmt"/>
        <line num="76" count="12" type="stmt"/>
        <line num="77" count="12" type="stmt"/>
        <line num="78" count="10" type="stmt"/>
        <line num="80" count="9" type="stmt"/>
        <line num="81" count="9" type="stmt"/>
        <line num="95" count="7" type="stmt"/>
        <line num="96" count="7" type="cond" truecount="1" falsecount="1"/>
        <line num="97" count="7" type="cond" truecount="1" falsecount="1"/>
        <line num="99" count="7" type="stmt"/>
        <line num="125" count="2" type="stmt"/>
        <line num="130" count="4" type="stmt"/>
        <line num="131" count="4" type="stmt"/>
        <line num="132" count="4" type="stmt"/>
        <line num="134" count="4" type="stmt"/>
        <line num="135" count="4" type="stmt"/>
        <line num="151" count="3" type="stmt"/>
        <line num="152" count="3" type="stmt"/>
        <line num="154" count="3" type="stmt"/>
        <line num="156" count="3" type="stmt"/>
        <line num="157" count="3" type="stmt"/>
        <line num="158" count="9" type="cond" truecount="2" falsecount="0"/>
        <line num="160" count="6" type="stmt"/>
        <line num="165" count="3" type="cond" truecount="1" falsecount="0"/>
        <line num="167" count="3" type="stmt"/>
        <line num="186" count="3" type="stmt"/>
        <line num="188" count="0" type="stmt"/>
        <line num="193" count="3" type="stmt"/>
        <line num="200" count="1" type="stmt"/>
      </file>
      <file name="registry.ts" path="/Users/acedergr/Projects/opencode-oci-genai/packages/oci-genai-provider/src/models/registry.ts">
        <metrics statements="9" coveredstatements="9" conditionals="0" coveredconditionals="0" methods="7" coveredmethods="7"/>
        <line num="3" count="4" type="stmt"/>
        <line num="138" count="4" type="stmt"/>
        <line num="139" count="401" type="stmt"/>
        <line num="142" count="4" type="stmt"/>
        <line num="143" count="47" type="stmt"/>
        <line num="146" count="4" type="stmt"/>
        <line num="147" count="2" type="stmt"/>
        <line num="150" count="4" type="stmt"/>
        <line num="151" count="80" type="stmt"/>
      </file>
    </package>
    <package name="src.streaming">
      <metrics statements="39" coveredstatements="35" conditionals="15" coveredconditionals="9" methods="4" coveredmethods="4"/>
      <file name="sse-parser.ts" path="/Users/acedergr/Projects/opencode-oci-genai/packages/oci-genai-provider/src/streaming/sse-parser.ts">
        <metrics statements="39" coveredstatements="35" conditionals="15" coveredconditionals="9" methods="4" coveredmethods="4"/>
        <line num="1" count="4" type="stmt"/>
        <line num="11" count="4" type="stmt"/>
        <line num="12" count="16" type="stmt"/>
        <line num="13" count="16" type="cond" truecount="4" falsecount="2"/>
        <line num="15" count="12" type="stmt"/>
        <line num="17" count="1" type="stmt"/>
        <line num="19" count="1" type="stmt"/>
        <line num="21" count="0" type="stmt"/>
        <line num="23" count="0" type="stmt"/>
        <line num="25" count="2" type="stmt"/>
        <line num="29" count="16" type="stmt"/>
        <line num="50" count="4" type="stmt"/>
        <line num="51" count="6" type="stmt"/>
        <line num="52" count="6" type="cond" truecount="0" falsecount="1"/>
        <line num="53" count="0" type="stmt"/>
        <line num="56" count="6" type="stmt"/>
        <line num="57" count="6" type="stmt"/>
        <line num="58" count="6" type="stmt"/>
        <line num="59" count="6" type="stmt"/>
        <line num="61" count="6" type="stmt"/>
        <line num="63" count="1011" type="stmt"/>
        <line num="64" count="1011" type="cond" truecount="0" falsecount="1"/>
        <line num="66" count="1011" type="stmt"/>
        <line num="67" count="1011" type="stmt"/>
        <line num="68" count="1011" type="stmt"/>
        <line num="71" count="1011" type="stmt"/>
        <line num="72" count="1011" type="cond" truecount="1" falsecount="0"/>
        <line num="73" count="1007" type="stmt"/>
        <line num="80" count="1011" type="stmt"/>
        <line num="81" count="1011" type="cond" truecount="1" falsecount="0"/>
        <line num="82" count="4" type="stmt"/>
        <line num="97" count="6" type="stmt"/>
        <line num="99" count="12" type="stmt"/>
        <line num="101" count="12" type="cond" truecount="1" falsecount="0"/>
        <line num="104" count="6" type="stmt"/>
        <line num="107" count="6" type="stmt"/>
        <line num="108" count="1011" type="stmt"/>
        <line num="113" count="6" type="stmt"/>
        <line num="114" count="0" type="stmt"/>
      </file>
    </package>
    <package name="src.utils">
      <metrics statements="53" coveredstatements="50" conditionals="28" coveredconditionals="28" methods="13" coveredmethods="9"/>
      <file name="index.ts" path="/Users/acedergr/Projects/opencode-oci-genai/packages/oci-genai-provider/src/utils/index.ts">
        <metrics statements="2" coveredstatements="0" conditionals="0" coveredconditionals="0" methods="4" coveredmethods="0"/>
        <line num="1" count="0" type="stmt"/>
        <line num="2" count="0" type="stmt"/>
      </file>
      <file name="retry.ts" path="/Users/acedergr/Projects/opencode-oci-genai/packages/oci-genai-provider/src/utils/retry.ts">
        <metrics statements="37" coveredstatements="36" conditionals="25" coveredconditionals="25" methods="4" coveredmethods="4"/>
        <line num="16" count="1" type="stmt"/>
        <line num="22" count="1" type="stmt"/>
        <line num="24" count="1" type="stmt"/>
        <line num="29" count="1" type="stmt"/>
        <line num="30" count="38" type="cond" truecount="1" falsecount="0"/>
        <line num="31" count="4" type="stmt"/>
        <line num="36" count="34" type="cond" truecount="2" falsecount="0"/>
        <line num="37" count="34" type="cond" truecount="1" falsecount="0"/>
        <line num="39" count="11" type="cond" truecount="4" falsecount="0"/>
        <line num="40" count="6" type="stmt"/>
        <line num="43" count="5" type="cond" truecount="3" falsecount="0"/>
        <line num="44" count="5" type="stmt"/>
        <line num="49" count="23" type="stmt"/>
        <line num="50" count="23" type="cond" truecount="3" falsecount="0"/>
        <line num="51" count="1" type="stmt"/>
        <line num="55" count="22" type="stmt"/>
        <line num="56" count="22" type="stmt"/>
        <line num="57" count="62" type="cond" truecount="1" falsecount="0"/>
        <line num="58" count="4" type="stmt"/>
        <line num="63" count="18" type="stmt"/>
        <line num="64" count="32" type="cond" truecount="1" falsecount="0"/>
        <line num="65" count="17" type="stmt"/>
        <line num="69" count="1" type="stmt"/>
        <line num="77" count="13" type="stmt"/>
        <line num="80" count="13" type="stmt"/>
        <line num="83" count="13" type="stmt"/>
        <line num="89" count="1" type="stmt"/>
        <line num="95" count="9" type="cond" truecount="2" falsecount="0"/>
        <line num="99" count="9" type="stmt"/>
        <line num="100" count="22" type="stmt"/>
        <line num="101" count="22" type="stmt"/>
        <line num="103" count="19" type="stmt"/>
        <line num="106" count="19" type="cond" truecount="3" falsecount="0"/>
        <line num="107" count="6" type="stmt"/>
        <line num="111" count="13" type="stmt"/>
        <line num="112" count="13" type="stmt"/>
        <line num="117" count="0" type="stmt"/>
      </file>
      <file name="timeout.ts" path="/Users/acedergr/Projects/opencode-oci-genai/packages/oci-genai-provider/src/utils/timeout.ts">
        <metrics statements="14" coveredstatements="14" conditionals="3" coveredconditionals="3" methods="5" coveredmethods="5"/>
        <line num="8" count="1" type="stmt"/>
        <line num="9" count="8" type="stmt"/>
        <line num="14" count="8" type="cond" truecount="2" falsecount="0"/>
        <line num="17" count="8" type="stmt"/>
        <line num="18" count="8" type="stmt"/>
        <line num="19" count="8" type="stmt"/>
        <line num="22" count="8" type="cond" truecount="1" falsecount="0"/>
        <line num="23" count="8" type="stmt"/>
        <line num="51" count="1" type="stmt"/>
        <line num="58" count="7" type="stmt"/>
        <line num="59" count="7" type="stmt"/>
        <line num="60" count="3" type="stmt"/>
        <line num="64" count="7" type="stmt"/>
        <line num="65" count="7" type="stmt"/>
      </file>
    </package>
  </project>
</coverage>
