{"/Users/acedergr/Projects/opencode-oci-genai/packages/oci-genai-provider/src/provider.ts": {"path":"/Users/acedergr/Projects/opencode-oci-genai/packages/oci-genai-provider/src/provider.ts","statementMap":{"0":{"start":{"line":1,"column":0},"end":{"line":1,"column":null}},"1":{"start":{"line":11,"column":0},"end":{"line":11,"column":72}},"2":{"start":{"line":12,"column":0},"end":{"line":12,"column":75}},"3":{"start":{"line":13,"column":0},"end":{"line":13,"column":64}},"4":{"start":{"line":14,"column":0},"end":{"line":14,"column":73}},"5":{"start":{"line":15,"column":0},"end":{"line":15,"column":85}},"6":{"start":{"line":38,"column":31},"end":{"line":38,"column":51}},"7":{"start":{"line":36,"column":11},"end":{"line":36,"column":48}},"8":{"start":{"line":54,"column":36},"end":{"line":54,"column":67}},"9":{"start":{"line":55,"column":4},"end":{"line":55,"column":55}},"10":{"start":{"line":72,"column":36},"end":{"line":72,"column":67}},"11":{"start":{"line":73,"column":4},"end":{"line":73,"column":56}},"12":{"start":{"line":82,"column":4},"end":{"line":86,"column":7}},"13":{"start":{"line":95,"column":36},"end":{"line":95,"column":67}},"14":{"start":{"line":96,"column":4},"end":{"line":96,"column":60}},"15":{"start":{"line":113,"column":36},"end":{"line":113,"column":67}},"16":{"start":{"line":114,"column":4},"end":{"line":114,"column":53}},"17":{"start":{"line":131,"column":36},"end":{"line":131,"column":67}},"18":{"start":{"line":132,"column":4},"end":{"line":132,"column":56}},"19":{"start":{"line":35,"column":0},"end":{"line":35,"column":13}}},"fnMap":{"0":{"name":"(anonymous_0)","decl":{"start":{"line":38,"column":2},"end":{"line":38,"column":31}},"loc":{"start":{"line":38,"column":53},"end":{"line":38,"column":57}}},"1":{"name":"(anonymous_1)","decl":{"start":{"line":53,"column":2},"end":{"line":53,"column":15}},"loc":{"start":{"line":53,"column":68},"end":{"line":56,"column":3}}},"2":{"name":"(anonymous_2)","decl":{"start":{"line":71,"column":2},"end":{"line":71,"column":16}},"loc":{"start":{"line":71,"column":65},"end":{"line":74,"column":3}}},"3":{"name":"(anonymous_3)","decl":{"start":{"line":81,"column":2},"end":{"line":81,"column":12}},"loc":{"start":{"line":81,"column":28},"end":{"line":87,"column":3}}},"4":{"name":"(anonymous_4)","decl":{"start":{"line":94,"column":2},"end":{"line":94,"column":20}},"loc":{"start":{"line":94,"column":73},"end":{"line":97,"column":3}}},"5":{"name":"(anonymous_5)","decl":{"start":{"line":112,"column":2},"end":{"line":112,"column":13}},"loc":{"start":{"line":112,"column":59},"end":{"line":115,"column":3}}},"6":{"name":"(anonymous_6)","decl":{"start":{"line":130,"column":2},"end":{"line":130,"column":16}},"loc":{"start":{"line":130,"column":65},"end":{"line":133,"column":3}}}},"branchMap":{"0":{"loc":{"start":{"line":38,"column":31},"end":{"line":38,"column":53}},"type":"default-arg","locations":[{"start":{"line":38,"column":51},"end":{"line":38,"column":53}}]}},"s":{"0":2,"1":2,"2":2,"3":2,"4":2,"5":2,"6":90,"7":90,"8":51,"9":51,"10":24,"11":24,"12":5,"13":16,"14":16,"15":18,"16":18,"17":16,"18":16,"19":2},"f":{"0":90,"1":51,"2":24,"3":5,"4":16,"5":18,"6":16},"b":{"0":[14]}}
,"/Users/acedergr/Projects/opencode-oci-genai/packages/oci-genai-provider/src/auth/index.ts": {"path":"/Users/acedergr/Projects/opencode-oci-genai/packages/oci-genai-provider/src/auth/index.ts","statementMap":{"0":{"start":{"line":7,"column":0},"end":{"line":7,"column":7}},"1":{"start":{"line":40,"column":0},"end":{"line":40,"column":16}},"2":{"start":{"line":56,"column":0},"end":{"line":56,"column":16}},"3":{"start":{"line":1,"column":0},"end":{"line":1,"column":37}},"4":{"start":{"line":10,"column":21},"end":{"line":10,"column":49}},"5":{"start":{"line":12,"column":2},"end":{"line":34,"column":3}},"6":{"start":{"line":14,"column":25},"end":{"line":14,"column":55}},"7":{"start":{"line":15,"column":22},"end":{"line":15,"column":49}},"8":{"start":{"line":17,"column":6},"end":{"line":17,"column":85}},"9":{"start":{"line":21,"column":22},"end":{"line":21,"column":89}},"10":{"start":{"line":22,"column":6},"end":{"line":22,"column":35}},"11":{"start":{"line":26,"column":6},"end":{"line":26,"column":77}},"12":{"start":{"line":30,"column":6},"end":{"line":33,"column":8}},"13":{"start":{"line":42,"column":24},"end":{"line":42,"column":78}},"14":{"start":{"line":44,"column":2},"end":{"line":48,"column":3}},"15":{"start":{"line":45,"column":4},"end":{"line":47,"column":6}},"16":{"start":{"line":50,"column":2},"end":{"line":50,"column":23}},"17":{"start":{"line":57,"column":2},"end":{"line":57,"column":69}}},"fnMap":{"0":{"name":"createAuthProvider","decl":{"start":{"line":7,"column":22},"end":{"line":7,"column":40}},"loc":{"start":{"line":8,"column":19},"end":{"line":35,"column":1}}},"1":{"name":"getCompartmentId","decl":{"start":{"line":40,"column":16},"end":{"line":40,"column":32}},"loc":{"start":{"line":40,"column":50},"end":{"line":51,"column":1}}},"2":{"name":"getRegion","decl":{"start":{"line":56,"column":16},"end":{"line":56,"column":25}},"loc":{"start":{"line":56,"column":43},"end":{"line":58,"column":1}}}},"branchMap":{"0":{"loc":{"start":{"line":10,"column":21},"end":{"line":10,"column":49}},"type":"binary-expr","locations":[{"start":{"line":10,"column":21},"end":{"line":10,"column":32}},{"start":{"line":10,"column":36},"end":{"line":10,"column":49}}]},"1":{"loc":{"start":{"line":12,"column":2},"end":{"line":34,"column":3}},"type":"switch","locations":[{"start":{"line":13,"column":4},"end":{"line":18,"column":5}},{"start":{"line":20,"column":4},"end":{"line":23,"column":5}},{"start":{"line":25,"column":4},"end":{"line":27,"column":5}},{"start":{"line":29,"column":4},"end":{"line":33,"column":8}}]},"2":{"loc":{"start":{"line":14,"column":25},"end":{"line":14,"column":55}},"type":"binary-expr","locations":[{"start":{"line":14,"column":25},"end":{"line":14,"column":42}},{"start":{"line":14,"column":46},"end":{"line":14,"column":55}}]},"3":{"loc":{"start":{"line":15,"column":22},"end":{"line":15,"column":49}},"type":"binary-expr","locations":[{"start":{"line":15,"column":22},"end":{"line":15,"column":36}},{"start":{"line":15,"column":40},"end":{"line":15,"column":49}}]},"4":{"loc":{"start":{"line":42,"column":24},"end":{"line":42,"column":78}},"type":"binary-expr","locations":[{"start":{"line":42,"column":24},"end":{"line":42,"column":44}},{"start":{"line":42,"column":48},"end":{"line":42,"column":78}}]},"5":{"loc":{"start":{"line":44,"column":2},"end":{"line":48,"column":3}},"type":"if","locations":[{"start":{"line":44,"column":2},"end":{"line":48,"column":3}}]},"6":{"loc":{"start":{"line":57,"column":9},"end":{"line":57,"column":68}},"type":"binary-expr","locations":[{"start":{"line":57,"column":9},"end":{"line":57,"column":22}},{"start":{"line":57,"column":26},"end":{"line":57,"column":48}},{"start":{"line":57,"column":52},"end":{"line":57,"column":68}}]}},"s":{"0":5,"1":5,"2":5,"3":5,"4":31,"5":31,"6":28,"7":28,"8":28,"9":1,"10":1,"11":1,"12":1,"13":29,"14":29,"15":1,"16":28,"17":29},"f":{"0":31,"1":29,"2":29},"b":{"0":[31,28],"1":[28,1,1,1],"2":[28,27],"3":[28,27],"4":[29,2],"5":[1],"6":[29,21,1]}}
,"/Users/acedergr/Projects/opencode-oci-genai/packages/oci-genai-provider/src/embedding-models/oci-embedding-model.ts": {"path":"/Users/acedergr/Projects/opencode-oci-genai/packages/oci-genai-provider/src/embedding-models/oci-embedding-model.ts","statementMap":{"0":{"start":{"line":6,"column":0},"end":{"line":6,"column":93}},"1":{"start":{"line":7,"column":0},"end":{"line":7,"column":74}},"2":{"start":{"line":8,"column":0},"end":{"line":8,"column":53}},"3":{"start":{"line":23,"column":13},"end":{"line":23,"column":28}},"4":{"start":{"line":24,"column":12},"end":{"line":24,"column":40}},"5":{"start":{"line":15,"column":11},"end":{"line":15,"column":39}},"6":{"start":{"line":16,"column":11},"end":{"line":16,"column":34}},"7":{"start":{"line":17,"column":11},"end":{"line":17,"column":37}},"8":{"start":{"line":18,"column":11},"end":{"line":18,"column":40}},"9":{"start":{"line":26,"column":4},"end":{"line":31,"column":5}},"10":{"start":{"line":27,"column":6},"end":{"line":30,"column":8}},"11":{"start":{"line":35,"column":4},"end":{"line":51,"column":5}},"12":{"start":{"line":36,"column":27},"end":{"line":36,"column":64}},"13":{"start":{"line":37,"column":21},"end":{"line":37,"column":43}},"14":{"start":{"line":39,"column":6},"end":{"line":41,"column":9}},"15":{"start":{"line":45,"column":7},"end":{"line":45,"column":44}},"16":{"start":{"line":47,"column":6},"end":{"line":50,"column":7}},"17":{"start":{"line":49,"column":9},"end":{"line":49,"column":62}},"18":{"start":{"line":53,"column":4},"end":{"line":53,"column":24}},"19":{"start":{"line":57,"column":23},"end":{"line":57,"column":30}},"20":{"start":{"line":60,"column":4},"end":{"line":64,"column":5}},"21":{"start":{"line":61,"column":6},"end":{"line":63,"column":8}},"22":{"start":{"line":66,"column":19},"end":{"line":66,"column":41}},"23":{"start":{"line":67,"column":26},"end":{"line":67,"column":55}},"24":{"start":{"line":69,"column":21},"end":{"line":80,"column":6}},"25":{"start":{"line":82,"column":23},"end":{"line":82,"column":58}},"26":{"start":{"line":84,"column":4},"end":{"line":90,"column":6}},"27":{"start":{"line":87,"column":45},"end":{"line":87,"column":77}},"28":{"start":{"line":14,"column":0},"end":{"line":14,"column":13}}},"fnMap":{"0":{"name":"(anonymous_0)","decl":{"start":{"line":22,"column":2},"end":{"line":22,"column":null}},"loc":{"start":{"line":24,"column":40},"end":{"line":32,"column":3}}},"1":{"name":"(anonymous_1)","decl":{"start":{"line":34,"column":10},"end":{"line":34,"column":15}},"loc":{"start":{"line":34,"column":25},"end":{"line":54,"column":3}}},"2":{"name":"(anonymous_2)","decl":{"start":{"line":56,"column":2},"end":{"line":56,"column":7}},"loc":{"start":{"line":56,"column":52},"end":{"line":91,"column":3}}},"3":{"name":"(anonymous_3)","decl":{"start":{"line":87,"column":30},"end":{"line":87,"column":31}},"loc":{"start":{"line":87,"column":45},"end":{"line":87,"column":77}}}},"branchMap":{"0":{"loc":{"start":{"line":26,"column":4},"end":{"line":31,"column":5}},"type":"if","locations":[{"start":{"line":26,"column":4},"end":{"line":31,"column":5}}]},"1":{"loc":{"start":{"line":35,"column":4},"end":{"line":51,"column":5}},"type":"if","locations":[{"start":{"line":35,"column":4},"end":{"line":51,"column":5}}]},"2":{"loc":{"start":{"line":47,"column":6},"end":{"line":50,"column":7}},"type":"if","locations":[{"start":{"line":47,"column":6},"end":{"line":50,"column":7}}]},"3":{"loc":{"start":{"line":60,"column":4},"end":{"line":64,"column":5}},"type":"if","locations":[{"start":{"line":60,"column":4},"end":{"line":64,"column":5}}]},"4":{"loc":{"start":{"line":77,"column":19},"end":{"line":77,"column":48}},"type":"binary-expr","locations":[{"start":{"line":77,"column":19},"end":{"line":77,"column":39}},{"start":{"line":77,"column":43},"end":{"line":77,"column":48}}]},"5":{"loc":{"start":{"line":78,"column":20},"end":{"line":78,"column":55}},"type":"binary-expr","locations":[{"start":{"line":78,"column":20},"end":{"line":78,"column":41}},{"start":{"line":78,"column":45},"end":{"line":78,"column":55}}]}},"s":{"0":3,"1":3,"2":3,"3":42,"4":42,"5":42,"6":42,"7":42,"8":42,"9":42,"10":3,"11":12,"12":11,"13":11,"14":11,"15":11,"16":11,"17":1,"18":12,"19":13,"20":13,"21":1,"22":12,"23":12,"24":12,"25":11,"26":11,"27":12,"28":3},"f":{"0":42,"1":12,"2":13,"3":12},"b":{"0":[3],"1":[11],"2":[1],"3":[1],"4":[12,11],"5":[12,11]}}
,"/Users/acedergr/Projects/opencode-oci-genai/packages/oci-genai-provider/src/embedding-models/registry.ts": {"path":"/Users/acedergr/Projects/opencode-oci-genai/packages/oci-genai-provider/src/embedding-models/registry.ts","statementMap":{"0":{"start":{"line":37,"column":0},"end":{"line":37,"column":16}},"1":{"start":{"line":41,"column":0},"end":{"line":41,"column":16}},"2":{"start":{"line":45,"column":0},"end":{"line":45,"column":16}},"3":{"start":{"line":10,"column":13},"end":{"line":35,"column":2}},"4":{"start":{"line":38,"column":2},"end":{"line":38,"column":56}},"5":{"start":{"line":38,"column":38},"end":{"line":38,"column":54}},"6":{"start":{"line":42,"column":2},"end":{"line":42,"column":56}},"7":{"start":{"line":42,"column":38},"end":{"line":42,"column":54}},"8":{"start":{"line":46,"column":2},"end":{"line":46,"column":26}}},"fnMap":{"0":{"name":"isValidEmbeddingModelId","decl":{"start":{"line":37,"column":16},"end":{"line":37,"column":39}},"loc":{"start":{"line":37,"column":55},"end":{"line":39,"column":1}}},"1":{"name":"(anonymous_1)","decl":{"start":{"line":38,"column":31},"end":{"line":38,"column":32}},"loc":{"start":{"line":38,"column":38},"end":{"line":38,"column":54}}},"2":{"name":"getEmbeddingModelMetadata","decl":{"start":{"line":41,"column":16},"end":{"line":41,"column":41}},"loc":{"start":{"line":41,"column":57},"end":{"line":43,"column":1}}},"3":{"name":"(anonymous_3)","decl":{"start":{"line":42,"column":31},"end":{"line":42,"column":32}},"loc":{"start":{"line":42,"column":38},"end":{"line":42,"column":54}}},"4":{"name":"getAllEmbeddingModels","decl":{"start":{"line":45,"column":16},"end":{"line":45,"column":37}},"loc":{"start":{"line":45,"column":37},"end":{"line":47,"column":1}}}},"branchMap":{},"s":{"0":4,"1":4,"2":4,"3":4,"4":45,"5":63,"6":2,"7":4,"8":1},"f":{"0":45,"1":63,"2":2,"3":4,"4":1},"b":{}}
,"/Users/acedergr/Projects/opencode-oci-genai/packages/oci-genai-provider/src/language-models/oci-language-model.ts": {"path":"/Users/acedergr/Projects/opencode-oci-genai/packages/oci-genai-provider/src/language-models/oci-language-model.ts","statementMap":{"0":{"start":{"line":8,"column":0},"end":{"line":8,"column":72}},"1":{"start":{"line":9,"column":0},"end":{"line":9,"column":36}},"2":{"start":{"line":11,"column":0},"end":{"line":11,"column":44}},"3":{"start":{"line":12,"column":0},"end":{"line":12,"column":61}},"4":{"start":{"line":13,"column":0},"end":{"line":13,"column":81}},"5":{"start":{"line":14,"column":0},"end":{"line":14,"column":83}},"6":{"start":{"line":15,"column":0},"end":{"line":15,"column":59}},"7":{"start":{"line":16,"column":0},"end":{"line":16,"column":84}},"8":{"start":{"line":21,"column":58},"end":{"line":29,"column":2}},"9":{"start":{"line":56,"column":20},"end":{"line":56,"column":35}},"10":{"start":{"line":57,"column":21},"end":{"line":57,"column":38}},"11":{"start":{"line":49,"column":11},"end":{"line":49,"column":39}},"12":{"start":{"line":50,"column":11},"end":{"line":50,"column":34}},"13":{"start":{"line":51,"column":11},"end":{"line":51,"column":48}},"14":{"start":{"line":52,"column":11},"end":{"line":52,"column":56}},"15":{"start":{"line":59,"column":4},"end":{"line":61,"column":5}},"16":{"start":{"line":60,"column":6},"end":{"line":60,"column":54}},"17":{"start":{"line":66,"column":4},"end":{"line":85,"column":5}},"18":{"start":{"line":67,"column":6},"end":{"line":84,"column":7}},"19":{"start":{"line":68,"column":29},"end":{"line":68,"column":66}},"20":{"start":{"line":69,"column":25},"end":{"line":69,"column":47}},"21":{"start":{"line":71,"column":8},"end":{"line":73,"column":11}},"22":{"start":{"line":76,"column":8},"end":{"line":76,"column":60}},"23":{"start":{"line":79,"column":10},"end":{"line":79,"column":95}},"24":{"start":{"line":80,"column":8},"end":{"line":83,"column":10}},"25":{"start":{"line":86,"column":4},"end":{"line":86,"column":24}},"26":{"start":{"line":93,"column":26},"end":{"line":93,"column":58}},"27":{"start":{"line":95,"column":4},"end":{"line":105,"column":6}},"28":{"start":{"line":116,"column":20},"end":{"line":116,"column":58}},"29":{"start":{"line":119,"column":33},"end":{"line":120,"column":64}},"30":{"start":{"line":120,"column":6},"end":{"line":120,"column":64}},"31":{"start":{"line":123,"column":4},"end":{"line":130,"column":5}},"32":{"start":{"line":124,"column":6},"end":{"line":129,"column":9}},"33":{"start":{"line":133,"column":4},"end":{"line":133,"column":34}},"34":{"start":{"line":137,"column":21},"end":{"line":137,"column":57}},"35":{"start":{"line":138,"column":19},"end":{"line":138,"column":41}},"36":{"start":{"line":139,"column":26},"end":{"line":139,"column":55}},"37":{"start":{"line":141,"column":4},"end":{"line":191,"column":5}},"38":{"start":{"line":142,"column":23},"end":{"line":157,"column":null}},"39":{"start":{"line":144,"column":10},"end":{"line":156,"column":40}},"40":{"start":{"line":160,"column":21},"end":{"line":160,"column":59}},"41":{"start":{"line":161,"column":26},"end":{"line":161,"column":67}},"42":{"start":{"line":162,"column":27},"end":{"line":162,"column":74}},"43":{"start":{"line":164,"column":6},"end":{"line":188,"column":8}},"44":{"start":{"line":190,"column":6},"end":{"line":190,"column":34}},"45":{"start":{"line":195,"column":21},"end":{"line":195,"column":57}},"46":{"start":{"line":196,"column":19},"end":{"line":196,"column":41}},"47":{"start":{"line":197,"column":26},"end":{"line":197,"column":55}},"48":{"start":{"line":199,"column":4},"end":{"line":272,"column":5}},"49":{"start":{"line":202,"column":23},"end":{"line":218,"column":null}},"50":{"start":{"line":204,"column":10},"end":{"line":217,"column":44}},"51":{"start":{"line":222,"column":24},"end":{"line":222,"column":48}},"52":{"start":{"line":223,"column":23},"end":{"line":223,"column":24}},"53":{"start":{"line":225,"column":23},"end":{"line":262,"column":8}},"54":{"start":{"line":227,"column":10},"end":{"line":260,"column":11}},"55":{"start":{"line":228,"column":12},"end":{"line":256,"column":13}},"56":{"start":{"line":229,"column":14},"end":{"line":255,"column":15}},"57":{"start":{"line":231,"column":16},"end":{"line":235,"column":19}},"58":{"start":{"line":236,"column":21},"end":{"line":255,"column":15}},"59":{"start":{"line":238,"column":16},"end":{"line":254,"column":19}},"60":{"start":{"line":257,"column":12},"end":{"line":257,"column":31}},"61":{"start":{"line":259,"column":12},"end":{"line":259,"column":52}},"62":{"start":{"line":264,"column":6},"end":{"line":269,"column":8}},"63":{"start":{"line":271,"column":6},"end":{"line":271,"column":34}},"64":{"start":{"line":48,"column":0},"end":{"line":48,"column":13}}},"fnMap":{"0":{"name":"(anonymous_0)","decl":{"start":{"line":55,"column":2},"end":{"line":55,"column":null}},"loc":{"start":{"line":57,"column":38},"end":{"line":63,"column":3}}},"1":{"name":"(anonymous_1)","decl":{"start":{"line":65,"column":10},"end":{"line":65,"column":15}},"loc":{"start":{"line":65,"column":25},"end":{"line":87,"column":3}}},"2":{"name":"(anonymous_2)","decl":{"start":{"line":92,"column":10},"end":{"line":92,"column":27}},"loc":{"start":{"line":92,"column":62},"end":{"line":106,"column":3}}},"3":{"name":"(anonymous_3)","decl":{"start":{"line":111,"column":10},"end":{"line":111,"column":15}},"loc":{"start":{"line":114,"column":35},"end":{"line":134,"column":3}}},"4":{"name":"(anonymous_4)","decl":{"start":{"line":119,"column":33},"end":{"line":119,"column":48}},"loc":{"start":{"line":120,"column":6},"end":{"line":120,"column":64}}},"5":{"name":"(anonymous_5)","decl":{"start":{"line":136,"column":2},"end":{"line":136,"column":7}},"loc":{"start":{"line":136,"column":54},"end":{"line":192,"column":3}}},"6":{"name":"(anonymous_6)","decl":{"start":{"line":143,"column":8},"end":{"line":143,"column":11}},"loc":{"start":{"line":144,"column":10},"end":{"line":156,"column":40}}},"7":{"name":"(anonymous_7)","decl":{"start":{"line":194,"column":2},"end":{"line":194,"column":7}},"loc":{"start":{"line":194,"column":52},"end":{"line":273,"column":3}}},"8":{"name":"(anonymous_8)","decl":{"start":{"line":203,"column":8},"end":{"line":203,"column":11}},"loc":{"start":{"line":204,"column":10},"end":{"line":217,"column":44}}},"9":{"name":"(anonymous_9)","decl":{"start":{"line":226,"column":8},"end":{"line":226,"column":13}},"loc":{"start":{"line":226,"column":30},"end":{"line":261,"column":9}}}},"branchMap":{"0":{"loc":{"start":{"line":59,"column":4},"end":{"line":61,"column":5}},"type":"if","locations":[{"start":{"line":59,"column":4},"end":{"line":61,"column":5}}]},"1":{"loc":{"start":{"line":66,"column":4},"end":{"line":85,"column":5}},"type":"if","locations":[{"start":{"line":66,"column":4},"end":{"line":85,"column":5}}]},"2":{"loc":{"start":{"line":79,"column":10},"end":{"line":79,"column":95}},"type":"cond-expr","locations":[{"start":{"line":79,"column":35},"end":{"line":79,"column":48}},{"start":{"line":79,"column":51},"end":{"line":79,"column":95}}]},"3":{"loc":{"start":{"line":93,"column":26},"end":{"line":93,"column":58}},"type":"binary-expr","locations":[{"start":{"line":93,"column":26},"end":{"line":93,"column":52}},{"start":{"line":93,"column":56},"end":{"line":93,"column":58}}]},"4":{"loc":{"start":{"line":97,"column":8},"end":{"line":99,"column":41}},"type":"binary-expr","locations":[{"start":{"line":97,"column":8},"end":{"line":97,"column":36}},{"start":{"line":98,"column":8},"end":{"line":98,"column":31}},{"start":{"line":99,"column":8},"end":{"line":99,"column":41}}]},"5":{"loc":{"start":{"line":123,"column":4},"end":{"line":130,"column":5}},"type":"if","locations":[{"start":{"line":123,"column":4},"end":{"line":130,"column":5}}]},"6":{"loc":{"start":{"line":161,"column":26},"end":{"line":161,"column":67}},"type":"binary-expr","locations":[{"start":{"line":161,"column":26},"end":{"line":161,"column":61}},{"start":{"line":161,"column":65},"end":{"line":161,"column":67}}]},"7":{"loc":{"start":{"line":162,"column":43},"end":{"line":162,"column":73}},"type":"binary-expr","locations":[{"start":{"line":162,"column":43},"end":{"line":162,"column":63}},{"start":{"line":162,"column":67},"end":{"line":162,"column":73}}]},"8":{"loc":{"start":{"line":169,"column":19},"end":{"line":169,"column":66}},"type":"binary-expr","locations":[{"start":{"line":169,"column":19},"end":{"line":169,"column":61}},{"start":{"line":169,"column":65},"end":{"line":169,"column":66}}]},"9":{"loc":{"start":{"line":175,"column":19},"end":{"line":175,"column":70}},"type":"binary-expr","locations":[{"start":{"line":175,"column":19},"end":{"line":175,"column":65}},{"start":{"line":175,"column":69},"end":{"line":175,"column":70}}]},"10":{"loc":{"start":{"line":229,"column":14},"end":{"line":255,"column":15}},"type":"if","locations":[{"start":{"line":229,"column":14},"end":{"line":255,"column":15}},{"start":{"line":236,"column":21},"end":{"line":255,"column":15}}]},"11":{"loc":{"start":{"line":236,"column":21},"end":{"line":255,"column":15}},"type":"if","locations":[{"start":{"line":236,"column":21},"end":{"line":255,"column":15}}]}},"s":{"0":5,"1":5,"2":5,"3":5,"4":5,"5":5,"6":5,"7":5,"8":5,"9":85,"10":85,"11":85,"12":85,"13":85,"14":85,"15":85,"16":4,"17":31,"18":30,"19":30,"20":28,"21":28,"22":28,"23":2,"24":2,"25":29,"26":28,"27":28,"28":28,"29":28,"30":44,"31":28,"32":25,"33":3,"34":26,"35":26,"36":24,"37":23,"38":23,"39":35,"40":14,"41":14,"42":14,"43":14,"44":9,"45":5,"46":5,"47":5,"48":5,"49":5,"50":9,"51":4,"52":4,"53":4,"54":4,"55":4,"56":9,"57":6,"58":3,"59":3,"60":4,"61":0,"62":4,"63":1,"64":5},"f":{"0":85,"1":31,"2":28,"3":28,"4":44,"5":26,"6":35,"7":5,"8":9,"9":4},"b":{"0":[4],"1":[30],"2":[2,0],"3":[28,14],"4":[28,28,25],"5":[25],"6":[14,0],"7":[14,0],"8":[14,0],"9":[14,0],"10":[6,3],"11":[3]}}
,"/Users/acedergr/Projects/opencode-oci-genai/packages/oci-genai-provider/src/language-models/registry.ts": {"path":"/Users/acedergr/Projects/opencode-oci-genai/packages/oci-genai-provider/src/language-models/registry.ts","statementMap":{"0":{"start":{"line":138,"column":0},"end":{"line":138,"column":16}},"1":{"start":{"line":142,"column":0},"end":{"line":142,"column":16}},"2":{"start":{"line":146,"column":0},"end":{"line":146,"column":16}},"3":{"start":{"line":150,"column":0},"end":{"line":150,"column":16}},"4":{"start":{"line":3,"column":13},"end":{"line":136,"column":2}},"5":{"start":{"line":139,"column":2},"end":{"line":139,"column":53}},"6":{"start":{"line":139,"column":35},"end":{"line":139,"column":51}},"7":{"start":{"line":143,"column":2},"end":{"line":143,"column":53}},"8":{"start":{"line":143,"column":35},"end":{"line":143,"column":51}},"9":{"start":{"line":147,"column":2},"end":{"line":147,"column":23}},"10":{"start":{"line":151,"column":2},"end":{"line":151,"column":58}},"11":{"start":{"line":151,"column":37},"end":{"line":151,"column":56}}},"fnMap":{"0":{"name":"isValidModelId","decl":{"start":{"line":138,"column":16},"end":{"line":138,"column":30}},"loc":{"start":{"line":138,"column":46},"end":{"line":140,"column":1}}},"1":{"name":"(anonymous_1)","decl":{"start":{"line":139,"column":28},"end":{"line":139,"column":29}},"loc":{"start":{"line":139,"column":35},"end":{"line":139,"column":51}}},"2":{"name":"getModelMetadata","decl":{"start":{"line":142,"column":16},"end":{"line":142,"column":32}},"loc":{"start":{"line":142,"column":48},"end":{"line":144,"column":1}}},"3":{"name":"(anonymous_3)","decl":{"start":{"line":143,"column":28},"end":{"line":143,"column":29}},"loc":{"start":{"line":143,"column":35},"end":{"line":143,"column":51}}},"4":{"name":"getAllModels","decl":{"start":{"line":146,"column":16},"end":{"line":146,"column":28}},"loc":{"start":{"line":146,"column":28},"end":{"line":148,"column":1}}},"5":{"name":"getModelsByFamily","decl":{"start":{"line":150,"column":16},"end":{"line":150,"column":33}},"loc":{"start":{"line":150,"column":65},"end":{"line":152,"column":1}}},"6":{"name":"(anonymous_6)","decl":{"start":{"line":151,"column":30},"end":{"line":151,"column":31}},"loc":{"start":{"line":151,"column":37},"end":{"line":151,"column":56}}}},"branchMap":{},"s":{"0":6,"1":6,"2":6,"3":6,"4":6,"5":101,"6":930,"7":5,"8":47,"9":2,"10":5,"11":80},"f":{"0":101,"1":930,"2":5,"3":47,"4":2,"5":5,"6":80},"b":{}}
,"/Users/acedergr/Projects/opencode-oci-genai/packages/oci-genai-provider/src/language-models/converters/messages.ts": {"path":"/Users/acedergr/Projects/opencode-oci-genai/packages/oci-genai-provider/src/language-models/converters/messages.ts","statementMap":{"0":{"start":{"line":20,"column":0},"end":{"line":20,"column":16}},"1":{"start":{"line":14,"column":26},"end":{"line":18,"column":2}},"2":{"start":{"line":21,"column":2},"end":{"line":52,"column":5}},"3":{"start":{"line":22,"column":17},"end":{"line":22,"column":46}},"4":{"start":{"line":24,"column":4},"end":{"line":26,"column":5}},"5":{"start":{"line":25,"column":6},"end":{"line":25,"column":51}},"6":{"start":{"line":28,"column":20},"end":{"line":28,"column":34}},"7":{"start":{"line":31,"column":4},"end":{"line":36,"column":5}},"8":{"start":{"line":32,"column":6},"end":{"line":35,"column":8}},"9":{"start":{"line":39,"column":22},"end":{"line":46,"column":10}},"10":{"start":{"line":41,"column":10},"end":{"line":43,"column":11}},"11":{"start":{"line":42,"column":12},"end":{"line":42,"column":65}},"12":{"start":{"line":44,"column":10},"end":{"line":44,"column":21}},"13":{"start":{"line":48,"column":4},"end":{"line":51,"column":6}}},"fnMap":{"0":{"name":"convertToOCIMessages","decl":{"start":{"line":20,"column":16},"end":{"line":20,"column":36}},"loc":{"start":{"line":20,"column":66},"end":{"line":53,"column":1}}},"1":{"name":"(anonymous_1)","decl":{"start":{"line":21,"column":20},"end":{"line":21,"column":21}},"loc":{"start":{"line":21,"column":32},"end":{"line":52,"column":3}}},"2":{"name":"(anonymous_2)","decl":{"start":{"line":40,"column":70},"end":{"line":40,"column":71}},"loc":{"start":{"line":40,"column":84},"end":{"line":45,"column":9}}}},"branchMap":{"0":{"loc":{"start":{"line":24,"column":4},"end":{"line":26,"column":5}},"type":"if","locations":[{"start":{"line":24,"column":4},"end":{"line":26,"column":5}}]},"1":{"loc":{"start":{"line":31,"column":4},"end":{"line":36,"column":5}},"type":"if","locations":[{"start":{"line":31,"column":4},"end":{"line":36,"column":5}}]},"2":{"loc":{"start":{"line":39,"column":22},"end":{"line":46,"column":10}},"type":"cond-expr","locations":[{"start":{"line":40,"column":8},"end":{"line":45,"column":14}},{"start":{"line":46,"column":8},"end":{"line":46,"column":10}}]},"3":{"loc":{"start":{"line":41,"column":10},"end":{"line":43,"column":11}},"type":"if","locations":[{"start":{"line":41,"column":10},"end":{"line":43,"column":11}}]}},"s":{"0":6,"1":6,"2":48,"3":50,"4":50,"5":1,"6":49,"7":49,"8":2,"9":47,"10":154,"11":95,"12":154,"13":47},"f":{"0":48,"1":50,"2":154},"b":{"0":[1],"1":[2],"2":[46,1],"3":[95]}}
,"/Users/acedergr/Projects/opencode-oci-genai/packages/oci-genai-provider/src/reranking-models/OCIRerankingModel.ts": {"path":"/Users/acedergr/Projects/opencode-oci-genai/packages/oci-genai-provider/src/reranking-models/OCIRerankingModel.ts","statementMap":{"0":{"start":{"line":3,"column":0},"end":{"line":3,"column":72}},"1":{"start":{"line":4,"column":0},"end":{"line":4,"column":74}},"2":{"start":{"line":5,"column":0},"end":{"line":5,"column":80}},"3":{"start":{"line":15,"column":13},"end":{"line":15,"column":28}},"4":{"start":{"line":16,"column":12},"end":{"line":16,"column":40}},"5":{"start":{"line":9,"column":11},"end":{"line":9,"column":39}},"6":{"start":{"line":10,"column":11},"end":{"line":10,"column":34}},"7":{"start":{"line":18,"column":4},"end":{"line":20,"column":5}},"8":{"start":{"line":19,"column":6},"end":{"line":19,"column":98}},"9":{"start":{"line":24,"column":4},"end":{"line":39,"column":5}},"10":{"start":{"line":25,"column":27},"end":{"line":25,"column":64}},"11":{"start":{"line":26,"column":21},"end":{"line":26,"column":43}},"12":{"start":{"line":28,"column":6},"end":{"line":30,"column":9}},"13":{"start":{"line":33,"column":7},"end":{"line":33,"column":44}},"14":{"start":{"line":35,"column":6},"end":{"line":38,"column":7}},"15":{"start":{"line":37,"column":9},"end":{"line":37,"column":62}},"16":{"start":{"line":41,"column":4},"end":{"line":41,"column":24}},"17":{"start":{"line":55,"column":39},"end":{"line":55,"column":46}},"18":{"start":{"line":57,"column":4},"end":{"line":59,"column":5}},"19":{"start":{"line":58,"column":6},"end":{"line":58,"column":92}},"20":{"start":{"line":61,"column":26},"end":{"line":61,"column":42}},"21":{"start":{"line":62,"column":21},"end":{"line":62,"column":60}},"22":{"start":{"line":64,"column":4},"end":{"line":68,"column":5}},"23":{"start":{"line":65,"column":6},"end":{"line":67,"column":8}},"24":{"start":{"line":70,"column":19},"end":{"line":70,"column":41}},"25":{"start":{"line":71,"column":26},"end":{"line":71,"column":55}},"26":{"start":{"line":74,"column":21},"end":{"line":86,"column":6}},"27":{"start":{"line":88,"column":20},"end":{"line":93,"column":null}},"28":{"start":{"line":90,"column":22},"end":{"line":93,"column":8}},"29":{"start":{"line":96,"column":4},"end":{"line":102,"column":6}},"30":{"start":{"line":8,"column":0},"end":{"line":8,"column":13}}},"fnMap":{"0":{"name":"(anonymous_0)","decl":{"start":{"line":14,"column":2},"end":{"line":14,"column":null}},"loc":{"start":{"line":16,"column":40},"end":{"line":21,"column":3}}},"1":{"name":"(anonymous_1)","decl":{"start":{"line":23,"column":10},"end":{"line":23,"column":15}},"loc":{"start":{"line":23,"column":25},"end":{"line":42,"column":3}}},"2":{"name":"(anonymous_2)","decl":{"start":{"line":44,"column":2},"end":{"line":44,"column":7}},"loc":{"start":{"line":44,"column":53},"end":{"line":103,"column":3}}},"3":{"name":"(anonymous_3)","decl":{"start":{"line":90,"column":6},"end":{"line":90,"column":7}},"loc":{"start":{"line":90,"column":22},"end":{"line":93,"column":8}}}},"branchMap":{"0":{"loc":{"start":{"line":18,"column":4},"end":{"line":20,"column":5}},"type":"if","locations":[{"start":{"line":18,"column":4},"end":{"line":20,"column":5}}]},"1":{"loc":{"start":{"line":24,"column":4},"end":{"line":39,"column":5}},"type":"if","locations":[{"start":{"line":24,"column":4},"end":{"line":39,"column":5}}]},"2":{"loc":{"start":{"line":35,"column":6},"end":{"line":38,"column":7}},"type":"if","locations":[{"start":{"line":35,"column":6},"end":{"line":38,"column":7}}]},"3":{"loc":{"start":{"line":57,"column":4},"end":{"line":59,"column":5}},"type":"if","locations":[{"start":{"line":57,"column":4},"end":{"line":59,"column":5}}]},"4":{"loc":{"start":{"line":64,"column":4},"end":{"line":68,"column":5}},"type":"if","locations":[{"start":{"line":64,"column":4},"end":{"line":68,"column":5}}]},"5":{"loc":{"start":{"line":64,"column":8},"end":{"line":64,"column":64}},"type":"binary-expr","locations":[{"start":{"line":64,"column":8},"end":{"line":64,"column":16}},{"start":{"line":64,"column":20},"end":{"line":64,"column":64}}]},"6":{"loc":{"start":{"line":83,"column":14},"end":{"line":83,"column":38}},"type":"binary-expr","locations":[{"start":{"line":83,"column":14},"end":{"line":83,"column":18}},{"start":{"line":83,"column":22},"end":{"line":83,"column":38}}]},"7":{"loc":{"start":{"line":84,"column":16},"end":{"line":84,"column":52}},"type":"binary-expr","locations":[{"start":{"line":84,"column":16},"end":{"line":84,"column":43}},{"start":{"line":84,"column":47},"end":{"line":84,"column":52}}]},"8":{"loc":{"start":{"line":91,"column":15},"end":{"line":91,"column":30}},"type":"binary-expr","locations":[{"start":{"line":91,"column":15},"end":{"line":91,"column":25}},{"start":{"line":91,"column":29},"end":{"line":91,"column":30}}]},"9":{"loc":{"start":{"line":92,"column":24},"end":{"line":92,"column":48}},"type":"binary-expr","locations":[{"start":{"line":92,"column":24},"end":{"line":92,"column":43}},{"start":{"line":92,"column":47},"end":{"line":92,"column":48}}]}},"s":{"0":3,"1":3,"2":3,"3":38,"4":38,"5":38,"6":38,"7":38,"8":3,"9":18,"10":17,"11":17,"12":17,"13":17,"14":17,"15":1,"16":18,"17":20,"18":20,"19":1,"20":19,"21":19,"22":19,"23":1,"24":18,"25":18,"26":18,"27":17,"28":36,"29":17,"30":3},"f":{"0":38,"1":18,"2":20,"3":36},"b":{"0":[3],"1":[17],"2":[1],"3":[1],"4":[1],"5":[19,19],"6":[18,17],"7":[18,17],"8":[36,1],"9":[36,1]}}
,"/Users/acedergr/Projects/opencode-oci-genai/packages/oci-genai-provider/src/reranking-models/registry.ts": {"path":"/Users/acedergr/Projects/opencode-oci-genai/packages/oci-genai-provider/src/reranking-models/registry.ts","statementMap":{"0":{"start":{"line":21,"column":0},"end":{"line":21,"column":16}},"1":{"start":{"line":25,"column":0},"end":{"line":25,"column":16}},"2":{"start":{"line":29,"column":0},"end":{"line":29,"column":16}},"3":{"start":{"line":10,"column":13},"end":{"line":19,"column":2}},"4":{"start":{"line":22,"column":2},"end":{"line":22,"column":56}},"5":{"start":{"line":22,"column":38},"end":{"line":22,"column":54}},"6":{"start":{"line":26,"column":2},"end":{"line":26,"column":56}},"7":{"start":{"line":26,"column":38},"end":{"line":26,"column":54}},"8":{"start":{"line":30,"column":2},"end":{"line":30,"column":26}}},"fnMap":{"0":{"name":"isValidRerankingModelId","decl":{"start":{"line":21,"column":16},"end":{"line":21,"column":39}},"loc":{"start":{"line":21,"column":55},"end":{"line":23,"column":1}}},"1":{"name":"(anonymous_1)","decl":{"start":{"line":22,"column":31},"end":{"line":22,"column":32}},"loc":{"start":{"line":22,"column":38},"end":{"line":22,"column":54}}},"2":{"name":"getRerankingModelMetadata","decl":{"start":{"line":25,"column":16},"end":{"line":25,"column":41}},"loc":{"start":{"line":25,"column":57},"end":{"line":27,"column":1}}},"3":{"name":"(anonymous_3)","decl":{"start":{"line":26,"column":31},"end":{"line":26,"column":32}},"loc":{"start":{"line":26,"column":38},"end":{"line":26,"column":54}}},"4":{"name":"getAllRerankingModels","decl":{"start":{"line":29,"column":16},"end":{"line":29,"column":37}},"loc":{"start":{"line":29,"column":37},"end":{"line":31,"column":1}}}},"branchMap":{},"s":{"0":4,"1":4,"2":4,"3":4,"4":40,"5":40,"6":21,"7":21,"8":1},"f":{"0":40,"1":40,"2":21,"3":21,"4":1},"b":{}}
,"/Users/acedergr/Projects/opencode-oci-genai/packages/oci-genai-provider/src/shared/errors/index.ts": {"path":"/Users/acedergr/Projects/opencode-oci-genai/packages/oci-genai-provider/src/shared/errors/index.ts","statementMap":{"0":{"start":{"line":120,"column":0},"end":{"line":120,"column":16}},"1":{"start":{"line":127,"column":0},"end":{"line":127,"column":16}},"2":{"start":{"line":24,"column":4},"end":{"line":24,"column":19}},"3":{"start":{"line":14,"column":20},"end":{"line":14,"column":51}},"4":{"start":{"line":27,"column":4},"end":{"line":33,"column":5}},"5":{"start":{"line":28,"column":6},"end":{"line":28,"column":44}},"6":{"start":{"line":29,"column":6},"end":{"line":29,"column":33}},"7":{"start":{"line":31,"column":6},"end":{"line":31,"column":46}},"8":{"start":{"line":32,"column":6},"end":{"line":32,"column":33}},"9":{"start":{"line":35,"column":4},"end":{"line":37,"column":5}},"10":{"start":{"line":36,"column":6},"end":{"line":36,"column":54}},"11":{"start":{"line":13,"column":0},"end":{"line":13,"column":13}},"12":{"start":{"line":55,"column":4},"end":{"line":55,"column":34}},"13":{"start":{"line":50,"column":20},"end":{"line":50,"column":50}},"14":{"start":{"line":51,"column":20},"end":{"line":51,"column":37}},"15":{"start":{"line":56,"column":4},"end":{"line":56,"column":30}},"16":{"start":{"line":49,"column":0},"end":{"line":49,"column":13}},"17":{"start":{"line":74,"column":4},"end":{"line":74,"column":34}},"18":{"start":{"line":69,"column":20},"end":{"line":69,"column":52}},"19":{"start":{"line":70,"column":20},"end":{"line":70,"column":37}},"20":{"start":{"line":75,"column":4},"end":{"line":75,"column":46}},"21":{"start":{"line":68,"column":0},"end":{"line":68,"column":13}},"22":{"start":{"line":93,"column":4},"end":{"line":93,"column":35}},"23":{"start":{"line":88,"column":20},"end":{"line":88,"column":57}},"24":{"start":{"line":89,"column":20},"end":{"line":89,"column":38}},"25":{"start":{"line":94,"column":4},"end":{"line":94,"column":38}},"26":{"start":{"line":87,"column":0},"end":{"line":87,"column":13}},"27":{"start":{"line":108,"column":4},"end":{"line":112,"column":6}},"28":{"start":{"line":103,"column":20},"end":{"line":103,"column":56}},"29":{"start":{"line":104,"column":20},"end":{"line":104,"column":38}},"30":{"start":{"line":113,"column":4},"end":{"line":113,"column":27}},"31":{"start":{"line":102,"column":0},"end":{"line":102,"column":13}},"32":{"start":{"line":121,"column":2},"end":{"line":121,"column":49}},"33":{"start":{"line":129,"column":2},"end":{"line":131,"column":3}},"34":{"start":{"line":130,"column":4},"end":{"line":130,"column":17}},"35":{"start":{"line":134,"column":22},"end":{"line":134,"column":67}},"36":{"start":{"line":135,"column":20},"end":{"line":135,"column":74}},"37":{"start":{"line":138,"column":16},"end":{"line":138,"column":70}},"38":{"start":{"line":141,"column":2},"end":{"line":149,"column":3}},"39":{"start":{"line":142,"column":4},"end":{"line":142,"column":59}},"40":{"start":{"line":143,"column":9},"end":{"line":149,"column":3}},"41":{"start":{"line":144,"column":4},"end":{"line":144,"column":62}},"42":{"start":{"line":145,"column":9},"end":{"line":149,"column":3}},"43":{"start":{"line":146,"column":4},"end":{"line":146,"column":61}},"44":{"start":{"line":147,"column":9},"end":{"line":149,"column":3}},"45":{"start":{"line":148,"column":4},"end":{"line":148,"column":70}},"46":{"start":{"line":151,"column":2},"end":{"line":151,"column":59}}},"fnMap":{"0":{"name":"(anonymous_0)","decl":{"start":{"line":19,"column":2},"end":{"line":19,"column":null}},"loc":{"start":{"line":22,"column":30},"end":{"line":38,"column":3}}},"1":{"name":"(anonymous_1)","decl":{"start":{"line":54,"column":2},"end":{"line":54,"column":14}},"loc":{"start":{"line":54,"column":60},"end":{"line":57,"column":3}}},"2":{"name":"(anonymous_2)","decl":{"start":{"line":73,"column":2},"end":{"line":73,"column":14}},"loc":{"start":{"line":73,"column":62},"end":{"line":76,"column":3}}},"3":{"name":"(anonymous_3)","decl":{"start":{"line":92,"column":2},"end":{"line":92,"column":14}},"loc":{"start":{"line":92,"column":67},"end":{"line":95,"column":3}}},"4":{"name":"(anonymous_4)","decl":{"start":{"line":107,"column":2},"end":{"line":107,"column":14}},"loc":{"start":{"line":107,"column":61},"end":{"line":114,"column":3}}},"5":{"name":"isRetryableStatusCode","decl":{"start":{"line":120,"column":16},"end":{"line":120,"column":37}},"loc":{"start":{"line":120,"column":56},"end":{"line":122,"column":1}}},"6":{"name":"handleOCIError","decl":{"start":{"line":127,"column":16},"end":{"line":127,"column":30}},"loc":{"start":{"line":127,"column":45},"end":{"line":152,"column":1}}}},"branchMap":{"0":{"loc":{"start":{"line":22,"column":4},"end":{"line":22,"column":30}},"type":"default-arg","locations":[{"start":{"line":22,"column":25},"end":{"line":22,"column":30}}]},"1":{"loc":{"start":{"line":27,"column":4},"end":{"line":33,"column":5}},"type":"if","locations":[{"start":{"line":27,"column":4},"end":{"line":33,"column":5}},{"start":{"line":30,"column":11},"end":{"line":33,"column":5}}]},"2":{"loc":{"start":{"line":35,"column":4},"end":{"line":37,"column":5}},"type":"if","locations":[{"start":{"line":35,"column":4},"end":{"line":37,"column":5}}]},"3":{"loc":{"start":{"line":121,"column":9},"end":{"line":121,"column":48}},"type":"binary-expr","locations":[{"start":{"line":121,"column":9},"end":{"line":121,"column":27}},{"start":{"line":121,"column":31},"end":{"line":121,"column":48}}]},"4":{"loc":{"start":{"line":129,"column":2},"end":{"line":131,"column":3}},"type":"if","locations":[{"start":{"line":129,"column":2},"end":{"line":131,"column":3}}]},"5":{"loc":{"start":{"line":135,"column":20},"end":{"line":135,"column":74}},"type":"cond-expr","locations":[{"start":{"line":135,"column":33},"end":{"line":135,"column":66}},{"start":{"line":135,"column":69},"end":{"line":135,"column":74}}]},"6":{"loc":{"start":{"line":138,"column":16},"end":{"line":138,"column":70}},"type":"cond-expr","locations":[{"start":{"line":138,"column":41},"end":{"line":138,"column":54}},{"start":{"line":138,"column":57},"end":{"line":138,"column":70}}]},"7":{"loc":{"start":{"line":141,"column":2},"end":{"line":149,"column":3}},"type":"if","locations":[{"start":{"line":141,"column":2},"end":{"line":149,"column":3}},{"start":{"line":143,"column":9},"end":{"line":149,"column":3}}]},"8":{"loc":{"start":{"line":143,"column":9},"end":{"line":149,"column":3}},"type":"if","locations":[{"start":{"line":143,"column":9},"end":{"line":149,"column":3}},{"start":{"line":145,"column":9},"end":{"line":149,"column":3}}]},"9":{"loc":{"start":{"line":145,"column":9},"end":{"line":149,"column":3}},"type":"if","locations":[{"start":{"line":145,"column":9},"end":{"line":149,"column":3}},{"start":{"line":147,"column":9},"end":{"line":149,"column":3}}]},"10":{"loc":{"start":{"line":147,"column":9},"end":{"line":149,"column":3}},"type":"if","locations":[{"start":{"line":147,"column":9},"end":{"line":149,"column":3}}]}},"s":{"0":7,"1":7,"2":50,"3":50,"4":50,"5":19,"6":19,"7":31,"8":31,"9":50,"10":50,"11":7,"12":5,"13":5,"14":5,"15":5,"16":7,"17":6,"18":6,"19":6,"20":6,"21":7,"22":6,"23":6,"24":6,"25":6,"26":7,"27":6,"28":6,"29":6,"30":6,"31":7,"32":22,"33":19,"34":1,"35":18,"36":18,"37":18,"38":18,"39":3,"40":15,"41":2,"42":13,"43":1,"44":12,"45":2,"46":18},"f":{"0":50,"1":5,"2":6,"3":6,"4":6,"5":22,"6":19},"b":{"0":[6],"1":[19,31],"2":[50],"3":[22,19],"4":[1],"5":[15,3],"6":[12,6],"7":[3,15],"8":[2,13],"9":[1,12],"10":[2]}}
,"/Users/acedergr/Projects/opencode-oci-genai/packages/oci-genai-provider/src/shared/storage/object-storage.ts": {"path":"/Users/acedergr/Projects/opencode-oci-genai/packages/oci-genai-provider/src/shared/storage/object-storage.ts","statementMap":{"0":{"start":{"line":17,"column":0},"end":{"line":17,"column":7}},"1":{"start":{"line":57,"column":0},"end":{"line":57,"column":7}},"2":{"start":{"line":82,"column":0},"end":{"line":82,"column":16}},"3":{"start":{"line":175,"column":0},"end":{"line":175,"column":7}},"4":{"start":{"line":2,"column":0},"end":{"line":2,"column":56}},"5":{"start":{"line":3,"column":0},"end":{"line":3,"column":36}},"6":{"start":{"line":5,"column":0},"end":{"line":5,"column":59}},"7":{"start":{"line":23,"column":23},"end":{"line":23,"column":55}},"8":{"start":{"line":24,"column":17},"end":{"line":24,"column":34}},"9":{"start":{"line":26,"column":17},"end":{"line":28,"column":4}},"10":{"start":{"line":29,"column":2},"end":{"line":29,"column":46}},"11":{"start":{"line":32,"column":28},"end":{"line":32,"column":57}},"12":{"start":{"line":33,"column":24},"end":{"line":33,"column":47}},"13":{"start":{"line":36,"column":2},"end":{"line":43,"column":5}},"14":{"start":{"line":45,"column":2},"end":{"line":45,"column":51}},"15":{"start":{"line":63,"column":23},"end":{"line":63,"column":55}},"16":{"start":{"line":64,"column":17},"end":{"line":64,"column":34}},"17":{"start":{"line":66,"column":17},"end":{"line":68,"column":4}},"18":{"start":{"line":69,"column":2},"end":{"line":69,"column":46}},"19":{"start":{"line":71,"column":2},"end":{"line":75,"column":5}},"20":{"start":{"line":83,"column":20},"end":{"line":83,"column":30}},"21":{"start":{"line":84,"column":17},"end":{"line":84,"column":59}},"22":{"start":{"line":85,"column":2},"end":{"line":85,"column":44}},"23":{"start":{"line":125,"column":2},"end":{"line":127,"column":3}},"24":{"start":{"line":126,"column":4},"end":{"line":126,"column":14}},"25":{"start":{"line":129,"column":43},"end":{"line":129,"column":45}},"26":{"start":{"line":130,"column":45},"end":{"line":130,"column":56}},"27":{"start":{"line":132,"column":2},"end":{"line":151,"column":3}},"28":{"start":{"line":132,"column":15},"end":{"line":132,"column":16}},"29":{"start":{"line":133,"column":22},"end":{"line":133,"column":35}},"30":{"start":{"line":134,"column":25},"end":{"line":134,"column":34}},"31":{"start":{"line":137,"column":16},"end":{"line":137,"column":58}},"32":{"start":{"line":139,"column":4},"end":{"line":150,"column":5}},"33":{"start":{"line":141,"column":6},"end":{"line":145,"column":9}},"34":{"start":{"line":142,"column":40},"end":{"line":142,"column":47}},"35":{"start":{"line":146,"column":6},"end":{"line":146,"column":38}},"36":{"start":{"line":149,"column":6},"end":{"line":149,"column":40}},"37":{"start":{"line":154,"column":2},"end":{"line":160,"column":3}},"38":{"start":{"line":155,"column":4},"end":{"line":159,"column":7}},"39":{"start":{"line":156,"column":38},"end":{"line":156,"column":45}},"40":{"start":{"line":162,"column":2},"end":{"line":162,"column":18}},"41":{"start":{"line":181,"column":23},"end":{"line":181,"column":55}},"42":{"start":{"line":182,"column":17},"end":{"line":182,"column":34}},"43":{"start":{"line":184,"column":17},"end":{"line":186,"column":4}},"44":{"start":{"line":187,"column":2},"end":{"line":187,"column":46}},"45":{"start":{"line":189,"column":2},"end":{"line":282,"column":3}},"46":{"start":{"line":191,"column":21},"end":{"line":195,"column":6}},"47":{"start":{"line":198,"column":27},"end":{"line":198,"column":66}},"48":{"start":{"line":199,"column":29},"end":{"line":199,"column":31}},"49":{"start":{"line":202,"column":4},"end":{"line":214,"column":7}},"50":{"start":{"line":203,"column":6},"end":{"line":205,"column":9}},"51":{"start":{"line":204,"column":8},"end":{"line":204,"column":27}},"52":{"start":{"line":207,"column":6},"end":{"line":209,"column":9}},"53":{"start":{"line":208,"column":8},"end":{"line":208,"column":18}},"54":{"start":{"line":211,"column":6},"end":{"line":213,"column":9}},"55":{"start":{"line":212,"column":8},"end":{"line":212,"column":65}},"56":{"start":{"line":217,"column":23},"end":{"line":217,"column":62}},"57":{"start":{"line":220,"column":4},"end":{"line":226,"column":5}},"58":{"start":{"line":221,"column":6},"end":{"line":221,"column":44}},"59":{"start":{"line":223,"column":6},"end":{"line":225,"column":8}},"60":{"start":{"line":229,"column":26},"end":{"line":229,"column":52}},"61":{"start":{"line":230,"column":4},"end":{"line":232,"column":5}},"62":{"start":{"line":231,"column":6},"end":{"line":231,"column":70}},"63":{"start":{"line":235,"column":17},"end":{"line":235,"column":47}},"64":{"start":{"line":238,"column":41},"end":{"line":238,"column":43}},"65":{"start":{"line":239,"column":4},"end":{"line":254,"column":5}},"66":{"start":{"line":240,"column":6},"end":{"line":253,"column":7}},"67":{"start":{"line":241,"column":8},"end":{"line":252,"column":9}},"68":{"start":{"line":246,"column":10},"end":{"line":251,"column":13}},"69":{"start":{"line":257,"column":21},"end":{"line":257,"column":52}},"70":{"start":{"line":260,"column":23},"end":{"line":260,"column":47}},"71":{"start":{"line":261,"column":25},"end":{"line":261,"column":51}},"72":{"start":{"line":263,"column":4},"end":{"line":268,"column":6}},"73":{"start":{"line":270,"column":4},"end":{"line":272,"column":5}},"74":{"start":{"line":271,"column":6},"end":{"line":271,"column":18}},"75":{"start":{"line":273,"column":4},"end":{"line":275,"column":5}},"76":{"start":{"line":274,"column":6},"end":{"line":274,"column":18}},"77":{"start":{"line":276,"column":4},"end":{"line":278,"column":5}},"78":{"start":{"line":277,"column":6},"end":{"line":277,"column":18}},"79":{"start":{"line":279,"column":4},"end":{"line":281,"column":6}}},"fnMap":{"0":{"name":"uploadAudioToObjectStorage","decl":{"start":{"line":17,"column":22},"end":{"line":17,"column":48}},"loc":{"start":{"line":21,"column":23},"end":{"line":46,"column":1}}},"1":{"name":"deleteFromObjectStorage","decl":{"start":{"line":57,"column":22},"end":{"line":57,"column":45}},"loc":{"start":{"line":61,"column":20},"end":{"line":76,"column":1}}},"2":{"name":"generateAudioObjectName","decl":{"start":{"line":82,"column":16},"end":{"line":82,"column":39}},"loc":{"start":{"line":82,"column":39},"end":{"line":86,"column":1}}},"3":{"name":"groupTokensIntoSegments","decl":{"start":{"line":124,"column":9},"end":{"line":124,"column":32}},"loc":{"start":{"line":124,"column":61},"end":{"line":163,"column":1}}},"4":{"name":"(anonymous_4)","decl":{"start":{"line":142,"column":33},"end":{"line":142,"column":34}},"loc":{"start":{"line":142,"column":40},"end":{"line":142,"column":47}}},"5":{"name":"(anonymous_5)","decl":{"start":{"line":156,"column":31},"end":{"line":156,"column":32}},"loc":{"start":{"line":156,"column":38},"end":{"line":156,"column":45}}},"6":{"name":"downloadTranscriptionResult","decl":{"start":{"line":175,"column":22},"end":{"line":175,"column":49}},"loc":{"start":{"line":179,"column":20},"end":{"line":283,"column":1}}},"7":{"name":"(anonymous_7)","decl":{"start":{"line":202,"column":28},"end":{"line":202,"column":29}},"loc":{"start":{"line":202,"column":48},"end":{"line":214,"column":5}}},"8":{"name":"(anonymous_8)","decl":{"start":{"line":203,"column":32},"end":{"line":203,"column":33}},"loc":{"start":{"line":203,"column":50},"end":{"line":205,"column":7}}},"9":{"name":"(anonymous_9)","decl":{"start":{"line":207,"column":31},"end":{"line":207,"column":34}},"loc":{"start":{"line":207,"column":36},"end":{"line":209,"column":7}}},"10":{"name":"(anonymous_10)","decl":{"start":{"line":211,"column":33},"end":{"line":211,"column":34}},"loc":{"start":{"line":211,"column":50},"end":{"line":213,"column":7}}}},"branchMap":{"0":{"loc":{"start":{"line":125,"column":2},"end":{"line":127,"column":3}},"type":"if","locations":[{"start":{"line":125,"column":2},"end":{"line":127,"column":3}}]},"1":{"loc":{"start":{"line":125,"column":6},"end":{"line":125,"column":36}},"type":"binary-expr","locations":[{"start":{"line":125,"column":6},"end":{"line":125,"column":13}},{"start":{"line":125,"column":17},"end":{"line":125,"column":36}}]},"2":{"loc":{"start":{"line":139,"column":4},"end":{"line":150,"column":5}},"type":"if","locations":[{"start":{"line":139,"column":4},"end":{"line":150,"column":5}},{"start":{"line":147,"column":11},"end":{"line":150,"column":5}}]},"3":{"loc":{"start":{"line":154,"column":2},"end":{"line":160,"column":3}},"type":"if","locations":[{"start":{"line":154,"column":2},"end":{"line":160,"column":3}}]},"4":{"loc":{"start":{"line":224,"column":47},"end":{"line":224,"column":116}},"type":"cond-expr","locations":[{"start":{"line":224,"column":77},"end":{"line":224,"column":95}},{"start":{"line":224,"column":98},"end":{"line":224,"column":116}}]},"5":{"loc":{"start":{"line":230,"column":4},"end":{"line":232,"column":5}},"type":"if","locations":[{"start":{"line":230,"column":4},"end":{"line":232,"column":5}}]},"6":{"loc":{"start":{"line":235,"column":17},"end":{"line":235,"column":47}},"type":"binary-expr","locations":[{"start":{"line":235,"column":17},"end":{"line":235,"column":41}},{"start":{"line":235,"column":45},"end":{"line":235,"column":47}}]},"7":{"loc":{"start":{"line":239,"column":4},"end":{"line":254,"column":5}},"type":"if","locations":[{"start":{"line":239,"column":4},"end":{"line":254,"column":5}}]},"8":{"loc":{"start":{"line":239,"column":8},"end":{"line":239,"column":67}},"type":"binary-expr","locations":[{"start":{"line":239,"column":8},"end":{"line":239,"column":28}},{"start":{"line":239,"column":32},"end":{"line":239,"column":67}}]},"9":{"loc":{"start":{"line":241,"column":8},"end":{"line":252,"column":9}},"type":"if","locations":[{"start":{"line":241,"column":8},"end":{"line":252,"column":9}}]},"10":{"loc":{"start":{"line":242,"column":10},"end":{"line":244,"column":43}},"type":"binary-expr","locations":[{"start":{"line":242,"column":10},"end":{"line":242,"column":21}},{"start":{"line":243,"column":10},"end":{"line":243,"column":45}},{"start":{"line":244,"column":10},"end":{"line":244,"column":43}}]},"11":{"loc":{"start":{"line":270,"column":4},"end":{"line":272,"column":5}},"type":"if","locations":[{"start":{"line":270,"column":4},"end":{"line":272,"column":5}}]},"12":{"loc":{"start":{"line":270,"column":8},"end":{"line":270,"column":87}},"type":"binary-expr","locations":[{"start":{"line":270,"column":8},"end":{"line":270,"column":30}},{"start":{"line":270,"column":34},"end":{"line":270,"column":87}}]},"13":{"loc":{"start":{"line":273,"column":4},"end":{"line":275,"column":5}},"type":"if","locations":[{"start":{"line":273,"column":4},"end":{"line":275,"column":5}}]},"14":{"loc":{"start":{"line":273,"column":8},"end":{"line":273,"column":75}},"type":"binary-expr","locations":[{"start":{"line":273,"column":8},"end":{"line":273,"column":30}},{"start":{"line":273,"column":34},"end":{"line":273,"column":75}}]},"15":{"loc":{"start":{"line":276,"column":4},"end":{"line":278,"column":5}},"type":"if","locations":[{"start":{"line":276,"column":4},"end":{"line":278,"column":5}}]},"16":{"loc":{"start":{"line":276,"column":8},"end":{"line":276,"column":77}},"type":"binary-expr","locations":[{"start":{"line":276,"column":8},"end":{"line":276,"column":30}},{"start":{"line":276,"column":34},"end":{"line":276,"column":77}}]},"17":{"loc":{"start":{"line":280,"column":50},"end":{"line":280,"column":104}},"type":"cond-expr","locations":[{"start":{"line":280,"column":75},"end":{"line":280,"column":88}},{"start":{"line":280,"column":91},"end":{"line":280,"column":104}}]}},"s":{"0":3,"1":3,"2":3,"3":3,"4":3,"5":3,"6":3,"7":1,"8":1,"9":1,"10":1,"11":1,"12":1,"13":1,"14":1,"15":1,"16":1,"17":1,"18":1,"19":1,"20":3,"21":3,"22":3,"23":6,"24":1,"25":5,"26":5,"27":5,"28":5,"29":14,"30":14,"31":14,"32":14,"33":1,"34":2,"35":1,"36":13,"37":5,"38":5,"39":17,"40":5,"41":9,"42":9,"43":9,"44":9,"45":9,"46":9,"47":9,"48":9,"49":9,"50":9,"51":8,"52":9,"53":8,"54":9,"55":1,"56":8,"57":8,"58":8,"59":1,"60":7,"61":7,"62":1,"63":6,"64":6,"65":6,"66":6,"67":21,"68":19,"69":6,"70":6,"71":6,"72":6,"73":3,"74":1,"75":2,"76":1,"77":1,"78":1,"79":0},"f":{"0":1,"1":1,"2":3,"3":6,"4":2,"5":17,"6":9,"7":9,"8":8,"9":8,"10":1},"b":{"0":[1],"1":[6,6],"2":[1,13],"3":[5],"4":[1,0],"5":[1],"6":[6,0],"7":[6],"8":[6,6],"9":[19],"10":[21,20,20],"11":[1],"12":[3,3],"13":[1],"14":[2,2],"15":[1],"16":[1,1],"17":[0,0]}}
,"/Users/acedergr/Projects/opencode-oci-genai/packages/oci-genai-provider/src/shared/streaming/sse-parser.ts": {"path":"/Users/acedergr/Projects/opencode-oci-genai/packages/oci-genai-provider/src/shared/streaming/sse-parser.ts","statementMap":{"0":{"start":{"line":16,"column":0},"end":{"line":16,"column":16}},"1":{"start":{"line":38,"column":0},"end":{"line":38,"column":7}},"2":{"start":{"line":1,"column":0},"end":{"line":1,"column":75}},"3":{"start":{"line":5,"column":63},"end":{"line":11,"column":2}},"4":{"start":{"line":17,"column":2},"end":{"line":20,"column":4}},"5":{"start":{"line":39,"column":15},"end":{"line":39,"column":28}},"6":{"start":{"line":40,"column":2},"end":{"line":42,"column":3}},"7":{"start":{"line":41,"column":4},"end":{"line":41,"column":53}},"8":{"start":{"line":44,"column":17},"end":{"line":44,"column":33}},"9":{"start":{"line":45,"column":18},"end":{"line":45,"column":35}},"10":{"start":{"line":46,"column":30},"end":{"line":46,"column":32}},"11":{"start":{"line":47,"column":21},"end":{"line":47,"column":22}},"12":{"start":{"line":49,"column":17},"end":{"line":83,"column":4}},"13":{"start":{"line":51,"column":19},"end":{"line":51,"column":29}},"14":{"start":{"line":52,"column":6},"end":{"line":52,"column":36}},"15":{"start":{"line":52,"column":29},"end":{"line":52,"column":36}},"16":{"start":{"line":54,"column":6},"end":{"line":81,"column":7}},"17":{"start":{"line":55,"column":23},"end":{"line":55,"column":58}},"18":{"start":{"line":56,"column":23},"end":{"line":56,"column":59}},"19":{"start":{"line":59,"column":28},"end":{"line":59,"column":63}},"20":{"start":{"line":60,"column":8},"end":{"line":65,"column":9}},"21":{"start":{"line":61,"column":10},"end":{"line":64,"column":13}},"22":{"start":{"line":68,"column":29},"end":{"line":68,"column":49}},"23":{"start":{"line":69,"column":8},"end":{"line":78,"column":9}},"24":{"start":{"line":70,"column":10},"end":{"line":77,"column":13}},"25":{"start":{"line":85,"column":2},"end":{"line":97,"column":3}},"26":{"start":{"line":86,"column":19},"end":{"line":86,"column":38}},"27":{"start":{"line":88,"column":4},"end":{"line":88,"column":27}},"28":{"start":{"line":88,"column":21},"end":{"line":88,"column":27}},"29":{"start":{"line":91,"column":4},"end":{"line":91,"column":64}},"30":{"start":{"line":94,"column":4},"end":{"line":96,"column":5}},"31":{"start":{"line":95,"column":6},"end":{"line":95,"column":34}},"32":{"start":{"line":100,"column":2},"end":{"line":102,"column":3}},"33":{"start":{"line":101,"column":4},"end":{"line":101,"column":32}}},"fnMap":{"0":{"name":"mapFinishReason","decl":{"start":{"line":16,"column":16},"end":{"line":16,"column":31}},"loc":{"start":{"line":16,"column":46},"end":{"line":21,"column":1}}},"1":{"name":"parseSSEStream","decl":{"start":{"line":38,"column":23},"end":{"line":38,"column":37}},"loc":{"start":{"line":38,"column":56},"end":{"line":103,"column":1}}},"2":{"name":"(anonymous_2)","decl":{"start":{"line":50,"column":13},"end":{"line":50,"column":14}},"loc":{"start":{"line":50,"column":43},"end":{"line":82,"column":5}}}},"branchMap":{"0":{"loc":{"start":{"line":18,"column":13},"end":{"line":18,"column":49}},"type":"binary-expr","locations":[{"start":{"line":18,"column":13},"end":{"line":18,"column":38}},{"start":{"line":18,"column":42},"end":{"line":18,"column":49}}]},"1":{"loc":{"start":{"line":40,"column":2},"end":{"line":42,"column":3}},"type":"if","locations":[{"start":{"line":40,"column":2},"end":{"line":42,"column":3}}]},"2":{"loc":{"start":{"line":52,"column":6},"end":{"line":52,"column":36}},"type":"if","locations":[{"start":{"line":52,"column":6},"end":{"line":52,"column":36}}]},"3":{"loc":{"start":{"line":60,"column":8},"end":{"line":65,"column":9}},"type":"if","locations":[{"start":{"line":60,"column":8},"end":{"line":65,"column":9}}]},"4":{"loc":{"start":{"line":69,"column":8},"end":{"line":78,"column":9}},"type":"if","locations":[{"start":{"line":69,"column":8},"end":{"line":78,"column":9}}]},"5":{"loc":{"start":{"line":74,"column":28},"end":{"line":74,"column":73}},"type":"binary-expr","locations":[{"start":{"line":74,"column":28},"end":{"line":74,"column":68}},{"start":{"line":74,"column":72},"end":{"line":74,"column":73}}]},"6":{"loc":{"start":{"line":75,"column":32},"end":{"line":75,"column":81}},"type":"binary-expr","locations":[{"start":{"line":75,"column":32},"end":{"line":75,"column":76}},{"start":{"line":75,"column":80},"end":{"line":75,"column":81}}]},"7":{"loc":{"start":{"line":88,"column":4},"end":{"line":88,"column":27}},"type":"if","locations":[{"start":{"line":88,"column":4},"end":{"line":88,"column":27}}]}},"s":{"0":6,"1":6,"2":6,"3":6,"4":23,"5":17,"6":17,"7":1,"8":16,"9":16,"10":16,"11":16,"12":16,"13":1122,"14":1122,"15":1,"16":1121,"17":1121,"18":1120,"19":1120,"20":1120,"21":1113,"22":1120,"23":1120,"24":4,"25":16,"26":32,"27":32,"28":16,"29":16,"30":16,"31":1117,"32":16,"33":0},"f":{"0":23,"1":17,"2":1122},"b":{"0":[23,2],"1":[1],"2":[1],"3":[1113],"4":[4],"5":[4,0],"6":[4,0],"7":[16]}}
,"/Users/acedergr/Projects/opencode-oci-genai/packages/oci-genai-provider/src/shared/utils/index.ts": {"path":"/Users/acedergr/Projects/opencode-oci-genai/packages/oci-genai-provider/src/shared/utils/index.ts","statementMap":{"0":{"start":{"line":1,"column":0},"end":{"line":1,"column":9}},"1":{"start":{"line":1,"column":9},"end":{"line":1,"column":20}},"2":{"start":{"line":1,"column":20},"end":{"line":1,"column":73}},"3":{"start":{"line":2,"column":0},"end":{"line":2,"column":9}},"4":{"start":{"line":2,"column":9},"end":{"line":2,"column":22}},"5":{"start":{"line":2,"column":22},"end":{"line":2,"column":54}}},"fnMap":{"0":{"name":"(anonymous_0)","decl":{"start":{"line":1,"column":9},"end":{"line":1,"column":18}},"loc":{"start":{"line":1,"column":9},"end":{"line":1,"column":20}}},"1":{"name":"(anonymous_1)","decl":{"start":{"line":1,"column":20},"end":{"line":1,"column":36}},"loc":{"start":{"line":1,"column":20},"end":{"line":1,"column":73}}},"2":{"name":"(anonymous_2)","decl":{"start":{"line":2,"column":9},"end":{"line":2,"column":20}},"loc":{"start":{"line":2,"column":9},"end":{"line":2,"column":22}}},"3":{"name":"(anonymous_3)","decl":{"start":{"line":2,"column":22},"end":{"line":2,"column":34}},"loc":{"start":{"line":2,"column":22},"end":{"line":2,"column":54}}}},"branchMap":{},"s":{"0":5,"1":30,"2":30,"3":5,"4":49,"5":5},"f":{"0":25,"1":25,"2":44,"3":0},"b":{}}
,"/Users/acedergr/Projects/opencode-oci-genai/packages/oci-genai-provider/src/shared/utils/retry.ts": {"path":"/Users/acedergr/Projects/opencode-oci-genai/packages/oci-genai-provider/src/shared/utils/retry.ts","statementMap":{"0":{"start":{"line":29,"column":0},"end":{"line":29,"column":16}},"1":{"start":{"line":89,"column":0},"end":{"line":89,"column":7}},"2":{"start":{"line":16,"column":69},"end":{"line":20,"column":2}},"3":{"start":{"line":22,"column":30},"end":{"line":22,"column":99}},"4":{"start":{"line":24,"column":33},"end":{"line":24,"column":84}},"5":{"start":{"line":30,"column":2},"end":{"line":32,"column":3}},"6":{"start":{"line":31,"column":4},"end":{"line":31,"column":17}},"7":{"start":{"line":36,"column":5},"end":{"line":36,"column":90}},"8":{"start":{"line":37,"column":2},"end":{"line":46,"column":3}},"9":{"start":{"line":39,"column":4},"end":{"line":41,"column":5}},"10":{"start":{"line":40,"column":6},"end":{"line":40,"column":18}},"11":{"start":{"line":43,"column":4},"end":{"line":45,"column":5}},"12":{"start":{"line":44,"column":6},"end":{"line":44,"column":19}},"13":{"start":{"line":49,"column":16},"end":{"line":49,"column":48}},"14":{"start":{"line":50,"column":2},"end":{"line":52,"column":3}},"15":{"start":{"line":51,"column":4},"end":{"line":51,"column":16}},"16":{"start":{"line":55,"column":18},"end":{"line":55,"column":45}},"17":{"start":{"line":56,"column":2},"end":{"line":60,"column":3}},"18":{"start":{"line":57,"column":4},"end":{"line":59,"column":5}},"19":{"start":{"line":58,"column":6},"end":{"line":58,"column":18}},"20":{"start":{"line":63,"column":2},"end":{"line":67,"column":3}},"21":{"start":{"line":64,"column":4},"end":{"line":66,"column":5}},"22":{"start":{"line":65,"column":6},"end":{"line":65,"column":18}},"23":{"start":{"line":69,"column":2},"end":{"line":69,"column":15}},"24":{"start":{"line":77,"column":27},"end":{"line":77,"column":61}},"25":{"start":{"line":80,"column":17},"end":{"line":80,"column":66}},"26":{"start":{"line":83,"column":2},"end":{"line":83,"column":57}},"27":{"start":{"line":95,"column":6},"end":{"line":95,"column":19}},"28":{"start":{"line":99,"column":2},"end":{"line":114,"column":3}},"29":{"start":{"line":99,"column":21},"end":{"line":99,"column":22}},"30":{"start":{"line":100,"column":4},"end":{"line":113,"column":5}},"31":{"start":{"line":101,"column":6},"end":{"line":101,"column":24}},"32":{"start":{"line":103,"column":6},"end":{"line":103,"column":24}},"33":{"start":{"line":106,"column":6},"end":{"line":108,"column":7}},"34":{"start":{"line":107,"column":8},"end":{"line":107,"column":20}},"35":{"start":{"line":111,"column":20},"end":{"line":111,"column":68}},"36":{"start":{"line":112,"column":6},"end":{"line":112,"column":65}},"37":{"start":{"line":112,"column":37},"end":{"line":112,"column":63}},"38":{"start":{"line":117,"column":2},"end":{"line":117,"column":18}}},"fnMap":{"0":{"name":"isRetryableError","decl":{"start":{"line":29,"column":16},"end":{"line":29,"column":32}},"loc":{"start":{"line":29,"column":47},"end":{"line":70,"column":1}}},"1":{"name":"calculateDelay","decl":{"start":{"line":75,"column":9},"end":{"line":75,"column":23}},"loc":{"start":{"line":75,"column":80},"end":{"line":84,"column":1}}},"2":{"name":"withRetry","decl":{"start":{"line":89,"column":22},"end":{"line":89,"column":31}},"loc":{"start":{"line":89,"column":79},"end":{"line":118,"column":1}}},"3":{"name":"(anonymous_3)","decl":{"start":{"line":112,"column":24},"end":{"line":112,"column":25}},"loc":{"start":{"line":112,"column":37},"end":{"line":112,"column":63}}}},"branchMap":{"0":{"loc":{"start":{"line":30,"column":2},"end":{"line":32,"column":3}},"type":"if","locations":[{"start":{"line":30,"column":2},"end":{"line":32,"column":3}}]},"1":{"loc":{"start":{"line":36,"column":5},"end":{"line":36,"column":90}},"type":"binary-expr","locations":[{"start":{"line":36,"column":5},"end":{"line":36,"column":41}},{"start":{"line":36,"column":46},"end":{"line":36,"column":90}}]},"2":{"loc":{"start":{"line":37,"column":2},"end":{"line":46,"column":3}},"type":"if","locations":[{"start":{"line":37,"column":2},"end":{"line":46,"column":3}}]},"3":{"loc":{"start":{"line":39,"column":4},"end":{"line":41,"column":5}},"type":"if","locations":[{"start":{"line":39,"column":4},"end":{"line":41,"column":5}}]},"4":{"loc":{"start":{"line":39,"column":8},"end":{"line":39,"column":57}},"type":"binary-expr","locations":[{"start":{"line":39,"column":8},"end":{"line":39,"column":22}},{"start":{"line":39,"column":27},"end":{"line":39,"column":40}},{"start":{"line":39,"column":44},"end":{"line":39,"column":56}}]},"5":{"loc":{"start":{"line":43,"column":4},"end":{"line":45,"column":5}},"type":"if","locations":[{"start":{"line":43,"column":4},"end":{"line":45,"column":5}}]},"6":{"loc":{"start":{"line":43,"column":8},"end":{"line":43,"column":37}},"type":"binary-expr","locations":[{"start":{"line":43,"column":8},"end":{"line":43,"column":21}},{"start":{"line":43,"column":25},"end":{"line":43,"column":37}}]},"7":{"loc":{"start":{"line":50,"column":2},"end":{"line":52,"column":3}},"type":"if","locations":[{"start":{"line":50,"column":2},"end":{"line":52,"column":3}}]},"8":{"loc":{"start":{"line":50,"column":6},"end":{"line":50,"column":50}},"type":"binary-expr","locations":[{"start":{"line":50,"column":6},"end":{"line":50,"column":10}},{"start":{"line":50,"column":14},"end":{"line":50,"column":50}}]},"9":{"loc":{"start":{"line":57,"column":4},"end":{"line":59,"column":5}},"type":"if","locations":[{"start":{"line":57,"column":4},"end":{"line":59,"column":5}}]},"10":{"loc":{"start":{"line":64,"column":4},"end":{"line":66,"column":5}},"type":"if","locations":[{"start":{"line":64,"column":4},"end":{"line":66,"column":5}}]},"11":{"loc":{"start":{"line":91,"column":4},"end":{"line":91,"column":43}},"type":"default-arg","locations":[{"start":{"line":91,"column":17},"end":{"line":91,"column":43}}]},"12":{"loc":{"start":{"line":92,"column":4},"end":{"line":92,"column":45}},"type":"default-arg","locations":[{"start":{"line":92,"column":18},"end":{"line":92,"column":45}}]},"13":{"loc":{"start":{"line":93,"column":4},"end":{"line":93,"column":43}},"type":"default-arg","locations":[{"start":{"line":93,"column":17},"end":{"line":93,"column":43}}]},"14":{"loc":{"start":{"line":94,"column":4},"end":{"line":94,"column":34}},"type":"default-arg","locations":[{"start":{"line":94,"column":18},"end":{"line":94,"column":34}}]},"15":{"loc":{"start":{"line":95,"column":6},"end":{"line":95,"column":19}},"type":"binary-expr","locations":[{"start":{"line":95,"column":6},"end":{"line":95,"column":13}},{"start":{"line":95,"column":17},"end":{"line":95,"column":19}}]},"16":{"loc":{"start":{"line":106,"column":6},"end":{"line":108,"column":7}},"type":"if","locations":[{"start":{"line":106,"column":6},"end":{"line":108,"column":7}}]},"17":{"loc":{"start":{"line":106,"column":10},"end":{"line":106,"column":55}},"type":"binary-expr","locations":[{"start":{"line":106,"column":10},"end":{"line":106,"column":32}},{"start":{"line":106,"column":36},"end":{"line":106,"column":55}}]}},"s":{"0":6,"1":6,"2":6,"3":6,"4":6,"5":57,"6":4,"7":53,"8":53,"9":28,"10":20,"11":8,"12":8,"13":25,"14":25,"15":3,"16":22,"17":22,"18":62,"19":4,"20":18,"21":32,"22":17,"23":1,"24":29,"25":29,"26":29,"27":34,"28":34,"29":34,"30":63,"31":63,"32":43,"33":43,"34":14,"35":29,"36":29,"37":29,"38":0},"f":{"0":57,"1":29,"2":34,"3":29},"b":{"0":[4],"1":[53,43],"2":[28],"3":[20],"4":[28,23,15],"5":[8],"6":[8,8],"7":[3],"8":[25,3],"9":[4],"10":[17],"11":[3],"12":[3],"13":[7],"14":[8],"15":[34,2],"16":[14],"17":[43,34]}}
,"/Users/acedergr/Projects/opencode-oci-genai/packages/oci-genai-provider/src/shared/utils/timeout.ts": {"path":"/Users/acedergr/Projects/opencode-oci-genai/packages/oci-genai-provider/src/shared/utils/timeout.ts","statementMap":{"0":{"start":{"line":51,"column":0},"end":{"line":51,"column":16}},"1":{"start":{"line":14,"column":20},"end":{"line":16,"column":50}},"2":{"start":{"line":17,"column":4},"end":{"line":17,"column":19}},"3":{"start":{"line":9,"column":11},"end":{"line":9,"column":33}},"4":{"start":{"line":18,"column":4},"end":{"line":18,"column":31}},"5":{"start":{"line":19,"column":4},"end":{"line":19,"column":31}},"6":{"start":{"line":22,"column":4},"end":{"line":24,"column":5}},"7":{"start":{"line":23,"column":6},"end":{"line":23,"column":50}},"8":{"start":{"line":8,"column":0},"end":{"line":8,"column":13}},"9":{"start":{"line":58,"column":25},"end":{"line":62,"column":4}},"10":{"start":{"line":59,"column":4},"end":{"line":61,"column":18}},"11":{"start":{"line":60,"column":6},"end":{"line":60,"column":53}},"12":{"start":{"line":64,"column":2},"end":{"line":66,"column":5}},"13":{"start":{"line":65,"column":4},"end":{"line":65,"column":28}}},"fnMap":{"0":{"name":"(anonymous_0)","decl":{"start":{"line":13,"column":2},"end":{"line":13,"column":14}},"loc":{"start":{"line":13,"column":51},"end":{"line":25,"column":3}}},"1":{"name":"withTimeout","decl":{"start":{"line":51,"column":16},"end":{"line":51,"column":27}},"loc":{"start":{"line":54,"column":20},"end":{"line":67,"column":1}}},"2":{"name":"(anonymous_2)","decl":{"start":{"line":58,"column":44},"end":{"line":58,"column":45}},"loc":{"start":{"line":58,"column":58},"end":{"line":62,"column":3}}},"3":{"name":"(anonymous_3)","decl":{"start":{"line":59,"column":27},"end":{"line":59,"column":30}},"loc":{"start":{"line":59,"column":32},"end":{"line":61,"column":5}}},"4":{"name":"(anonymous_4)","decl":{"start":{"line":64,"column":57},"end":{"line":64,"column":60}},"loc":{"start":{"line":64,"column":62},"end":{"line":66,"column":3}}}},"branchMap":{"0":{"loc":{"start":{"line":14,"column":20},"end":{"line":16,"column":50}},"type":"cond-expr","locations":[{"start":{"line":15,"column":8},"end":{"line":15,"column":53}},{"start":{"line":16,"column":8},"end":{"line":16,"column":50}}]},"1":{"loc":{"start":{"line":22,"column":4},"end":{"line":24,"column":5}},"type":"if","locations":[{"start":{"line":22,"column":4},"end":{"line":24,"column":5}}]}},"s":{"0":6,"1":9,"2":9,"3":9,"4":9,"5":9,"6":9,"7":9,"8":6,"9":51,"10":51,"11":4,"12":51,"13":51},"f":{"0":9,"1":51,"2":51,"3":4,"4":51},"b":{"0":[3,6],"1":[9]}}
,"/Users/acedergr/Projects/opencode-oci-genai/packages/oci-genai-provider/src/speech-models/OCISpeechModel.ts": {"path":"/Users/acedergr/Projects/opencode-oci-genai/packages/oci-genai-provider/src/speech-models/OCISpeechModel.ts","statementMap":{"0":{"start":{"line":1,"column":0},"end":{"line":1,"column":61}},"1":{"start":{"line":2,"column":0},"end":{"line":2,"column":36}},"2":{"start":{"line":4,"column":0},"end":{"line":4,"column":74}},"3":{"start":{"line":5,"column":0},"end":{"line":5,"column":74}},"4":{"start":{"line":17,"column":13},"end":{"line":17,"column":28}},"5":{"start":{"line":10,"column":11},"end":{"line":10,"column":39}},"6":{"start":{"line":11,"column":11},"end":{"line":11,"column":34}},"7":{"start":{"line":20,"column":4},"end":{"line":24,"column":5}},"8":{"start":{"line":21,"column":6},"end":{"line":23,"column":8}},"9":{"start":{"line":25,"column":21},"end":{"line":25,"column":52}},"10":{"start":{"line":26,"column":25},"end":{"line":26,"column":47}},"11":{"start":{"line":27,"column":4},"end":{"line":27,"column":68}},"12":{"start":{"line":28,"column":4},"end":{"line":28,"column":26}},"13":{"start":{"line":32,"column":4},"end":{"line":45,"column":5}},"14":{"start":{"line":33,"column":27},"end":{"line":33,"column":65}},"15":{"start":{"line":34,"column":21},"end":{"line":34,"column":44}},"16":{"start":{"line":36,"column":6},"end":{"line":38,"column":9}},"17":{"start":{"line":40,"column":6},"end":{"line":40,"column":56}},"18":{"start":{"line":42,"column":6},"end":{"line":44,"column":7}},"19":{"start":{"line":43,"column":8},"end":{"line":43,"column":54}},"20":{"start":{"line":47,"column":4},"end":{"line":47,"column":24}},"21":{"start":{"line":51,"column":4},"end":{"line":51,"column":22}},"22":{"start":{"line":61,"column":22},"end":{"line":61,"column":32}},"23":{"start":{"line":62,"column":21},"end":{"line":62,"column":28}},"24":{"start":{"line":64,"column":21},"end":{"line":64,"column":57}},"25":{"start":{"line":65,"column":4},"end":{"line":65,"column":61}},"26":{"start":{"line":65,"column":19},"end":{"line":65,"column":61}},"27":{"start":{"line":67,"column":4},"end":{"line":71,"column":5}},"28":{"start":{"line":68,"column":6},"end":{"line":70,"column":8}},"29":{"start":{"line":73,"column":19},"end":{"line":73,"column":41}},"30":{"start":{"line":74,"column":26},"end":{"line":74,"column":56}},"31":{"start":{"line":77,"column":25},"end":{"line":77,"column":66}},"32":{"start":{"line":80,"column":68},"end":{"line":94,"column":6}},"33":{"start":{"line":96,"column":21},"end":{"line":98,"column":6}},"34":{"start":{"line":101,"column":22},"end":{"line":101,"column":92}},"35":{"start":{"line":103,"column":4},"end":{"line":121,"column":6}},"36":{"start":{"line":128,"column":4},"end":{"line":137,"column":5}},"37":{"start":{"line":131,"column":8},"end":{"line":131,"column":63}},"38":{"start":{"line":133,"column":8},"end":{"line":133,"column":63}},"39":{"start":{"line":136,"column":8},"end":{"line":136,"column":63}},"40":{"start":{"line":144,"column":29},"end":{"line":144,"column":31}},"41":{"start":{"line":146,"column":4},"end":{"line":159,"column":7}},"42":{"start":{"line":147,"column":6},"end":{"line":149,"column":9}},"43":{"start":{"line":148,"column":8},"end":{"line":148,"column":27}},"44":{"start":{"line":151,"column":6},"end":{"line":154,"column":9}},"45":{"start":{"line":152,"column":23},"end":{"line":152,"column":44}},"46":{"start":{"line":153,"column":8},"end":{"line":153,"column":40}},"47":{"start":{"line":156,"column":6},"end":{"line":158,"column":9}},"48":{"start":{"line":157,"column":8},"end":{"line":157,"column":22}},"49":{"start":{"line":9,"column":0},"end":{"line":9,"column":13}}},"fnMap":{"0":{"name":"(anonymous_0)","decl":{"start":{"line":16,"column":2},"end":{"line":16,"column":null}},"loc":{"start":{"line":18,"column":29},"end":{"line":29,"column":3}}},"1":{"name":"(anonymous_1)","decl":{"start":{"line":31,"column":10},"end":{"line":31,"column":15}},"loc":{"start":{"line":31,"column":25},"end":{"line":48,"column":3}}},"2":{"name":"(anonymous_2)","decl":{"start":{"line":50,"column":2},"end":{"line":50,"column":10}},"loc":{"start":{"line":50,"column":10},"end":{"line":52,"column":3}}},"3":{"name":"(anonymous_3)","decl":{"start":{"line":54,"column":2},"end":{"line":54,"column":7}},"loc":{"start":{"line":54,"column":52},"end":{"line":122,"column":3}}},"4":{"name":"(anonymous_4)","decl":{"start":{"line":127,"column":10},"end":{"line":127,"column":25}},"loc":{"start":{"line":127,"column":41},"end":{"line":138,"column":3}}},"5":{"name":"(anonymous_5)","decl":{"start":{"line":143,"column":10},"end":{"line":143,"column":15}},"loc":{"start":{"line":143,"column":64},"end":{"line":160,"column":3}}},"6":{"name":"(anonymous_6)","decl":{"start":{"line":146,"column":23},"end":{"line":146,"column":24}},"loc":{"start":{"line":146,"column":43},"end":{"line":159,"column":5}}},"7":{"name":"(anonymous_7)","decl":{"start":{"line":147,"column":24},"end":{"line":147,"column":25}},"loc":{"start":{"line":147,"column":42},"end":{"line":149,"column":7}}},"8":{"name":"(anonymous_8)","decl":{"start":{"line":151,"column":23},"end":{"line":151,"column":26}},"loc":{"start":{"line":151,"column":28},"end":{"line":154,"column":7}}},"9":{"name":"(anonymous_9)","decl":{"start":{"line":156,"column":25},"end":{"line":156,"column":26}},"loc":{"start":{"line":156,"column":42},"end":{"line":158,"column":7}}}},"branchMap":{"0":{"loc":{"start":{"line":20,"column":4},"end":{"line":24,"column":5}},"type":"if","locations":[{"start":{"line":20,"column":4},"end":{"line":24,"column":5}}]},"1":{"loc":{"start":{"line":27,"column":17},"end":{"line":27,"column":67}},"type":"binary-expr","locations":[{"start":{"line":27,"column":17},"end":{"line":27,"column":29}},{"start":{"line":27,"column":33},"end":{"line":27,"column":45}},{"start":{"line":27,"column":49},"end":{"line":27,"column":67}}]},"2":{"loc":{"start":{"line":32,"column":4},"end":{"line":45,"column":5}},"type":"if","locations":[{"start":{"line":32,"column":4},"end":{"line":45,"column":5}}]},"3":{"loc":{"start":{"line":42,"column":6},"end":{"line":44,"column":7}},"type":"if","locations":[{"start":{"line":42,"column":6},"end":{"line":44,"column":7}}]},"4":{"loc":{"start":{"line":65,"column":4},"end":{"line":65,"column":61}},"type":"if","locations":[{"start":{"line":65,"column":4},"end":{"line":65,"column":61}}]},"5":{"loc":{"start":{"line":67,"column":4},"end":{"line":71,"column":5}},"type":"if","locations":[{"start":{"line":67,"column":4},"end":{"line":71,"column":5}}]},"6":{"loc":{"start":{"line":118,"column":18},"end":{"line":118,"column":46}},"type":"binary-expr","locations":[{"start":{"line":118,"column":18},"end":{"line":118,"column":37}},{"start":{"line":118,"column":41},"end":{"line":118,"column":46}}]},"7":{"loc":{"start":{"line":128,"column":4},"end":{"line":137,"column":5}},"type":"switch","locations":[{"start":{"line":129,"column":6},"end":{"line":129,"column":17}},{"start":{"line":130,"column":6},"end":{"line":131,"column":63}},{"start":{"line":132,"column":6},"end":{"line":133,"column":63}},{"start":{"line":134,"column":6},"end":{"line":134,"column":17}},{"start":{"line":135,"column":6},"end":{"line":136,"column":63}}]}},"s":{"0":3,"1":3,"2":3,"3":3,"4":34,"5":34,"6":34,"7":34,"8":4,"9":30,"10":30,"11":30,"12":30,"13":6,"14":6,"15":6,"16":6,"17":6,"18":6,"19":0,"20":6,"21":5,"22":7,"23":7,"24":7,"25":7,"26":0,"27":7,"28":1,"29":6,"30":6,"31":6,"32":6,"33":6,"34":6,"35":6,"36":6,"37":1,"38":0,"39":5,"40":6,"41":6,"42":6,"43":6,"44":6,"45":6,"46":6,"47":6,"48":0,"49":3},"f":{"0":34,"1":6,"2":5,"3":7,"4":6,"5":6,"6":6,"7":6,"8":6,"9":0},"b":{"0":[4],"1":[30,27,27],"2":[6],"3":[0],"4":[0],"5":[1],"6":[6,5],"7":[1,1,0,0,5]}}
,"/Users/acedergr/Projects/opencode-oci-genai/packages/oci-genai-provider/src/speech-models/registry.ts": {"path":"/Users/acedergr/Projects/opencode-oci-genai/packages/oci-genai-provider/src/speech-models/registry.ts","statementMap":{"0":{"start":{"line":53,"column":0},"end":{"line":53,"column":16}},"1":{"start":{"line":57,"column":0},"end":{"line":57,"column":16}},"2":{"start":{"line":61,"column":0},"end":{"line":61,"column":16}},"3":{"start":{"line":124,"column":0},"end":{"line":124,"column":16}},"4":{"start":{"line":15,"column":13},"end":{"line":25,"column":11}},"5":{"start":{"line":30,"column":13},"end":{"line":30,"column":59}},"6":{"start":{"line":32,"column":13},"end":{"line":51,"column":2}},"7":{"start":{"line":54,"column":2},"end":{"line":54,"column":53}},"8":{"start":{"line":54,"column":35},"end":{"line":54,"column":51}},"9":{"start":{"line":58,"column":2},"end":{"line":58,"column":53}},"10":{"start":{"line":58,"column":35},"end":{"line":58,"column":51}},"11":{"start":{"line":62,"column":2},"end":{"line":62,"column":23}},"12":{"start":{"line":78,"column":42},"end":{"line":122,"column":2}},"13":{"start":{"line":125,"column":2},"end":{"line":125,"column":26}}},"fnMap":{"0":{"name":"isValidSpeechModelId","decl":{"start":{"line":53,"column":16},"end":{"line":53,"column":36}},"loc":{"start":{"line":53,"column":52},"end":{"line":55,"column":1}}},"1":{"name":"(anonymous_1)","decl":{"start":{"line":54,"column":28},"end":{"line":54,"column":29}},"loc":{"start":{"line":54,"column":35},"end":{"line":54,"column":51}}},"2":{"name":"getSpeechModelMetadata","decl":{"start":{"line":57,"column":16},"end":{"line":57,"column":38}},"loc":{"start":{"line":57,"column":54},"end":{"line":59,"column":1}}},"3":{"name":"(anonymous_3)","decl":{"start":{"line":58,"column":28},"end":{"line":58,"column":29}},"loc":{"start":{"line":58,"column":35},"end":{"line":58,"column":51}}},"4":{"name":"getAllSpeechModels","decl":{"start":{"line":61,"column":16},"end":{"line":61,"column":34}},"loc":{"start":{"line":61,"column":34},"end":{"line":63,"column":1}}},"5":{"name":"getAllVoices","decl":{"start":{"line":124,"column":16},"end":{"line":124,"column":28}},"loc":{"start":{"line":124,"column":28},"end":{"line":126,"column":1}}}},"branchMap":{},"s":{"0":4,"1":4,"2":4,"3":4,"4":4,"5":4,"6":4,"7":38,"8":48,"9":43,"10":50,"11":1,"12":4,"13":0},"f":{"0":38,"1":48,"2":43,"3":50,"4":1,"5":0},"b":{}}
,"/Users/acedergr/Projects/opencode-oci-genai/packages/oci-genai-provider/src/transcription-models/OCITranscriptionModel.ts": {"path":"/Users/acedergr/Projects/opencode-oci-genai/packages/oci-genai-provider/src/transcription-models/OCITranscriptionModel.ts","statementMap":{"0":{"start":{"line":1,"column":0},"end":{"line":1,"column":61}},"1":{"start":{"line":2,"column":0},"end":{"line":2,"column":36}},"2":{"start":{"line":3,"column":0},"end":{"line":3,"column":74}},"3":{"start":{"line":4,"column":0},"end":{"line":4,"column":88}},"4":{"start":{"line":5,"column":0},"end":{"line":5,"column":null}},"5":{"start":{"line":47,"column":13},"end":{"line":47,"column":28}},"6":{"start":{"line":48,"column":12},"end":{"line":48,"column":44}},"7":{"start":{"line":41,"column":11},"end":{"line":41,"column":39}},"8":{"start":{"line":42,"column":11},"end":{"line":42,"column":34}},"9":{"start":{"line":50,"column":4},"end":{"line":55,"column":5}},"10":{"start":{"line":51,"column":6},"end":{"line":54,"column":8}},"11":{"start":{"line":59,"column":4},"end":{"line":72,"column":5}},"12":{"start":{"line":60,"column":27},"end":{"line":60,"column":64}},"13":{"start":{"line":61,"column":21},"end":{"line":61,"column":43}},"14":{"start":{"line":63,"column":6},"end":{"line":65,"column":9}},"15":{"start":{"line":67,"column":6},"end":{"line":67,"column":56}},"16":{"start":{"line":69,"column":6},"end":{"line":71,"column":7}},"17":{"start":{"line":70,"column":8},"end":{"line":70,"column":53}},"18":{"start":{"line":74,"column":4},"end":{"line":74,"column":24}},"19":{"start":{"line":78,"column":4},"end":{"line":78,"column":38}},"20":{"start":{"line":82,"column":22},"end":{"line":82,"column":32}},"21":{"start":{"line":83,"column":40},"end":{"line":83,"column":42}},"22":{"start":{"line":87,"column":4},"end":{"line":91,"column":5}},"23":{"start":{"line":88,"column":6},"end":{"line":88,"column":71}},"24":{"start":{"line":90,"column":6},"end":{"line":90,"column":32}},"25":{"start":{"line":94,"column":25},"end":{"line":94,"column":47}},"26":{"start":{"line":95,"column":4},"end":{"line":100,"column":5}},"27":{"start":{"line":96,"column":6},"end":{"line":99,"column":8}},"28":{"start":{"line":102,"column":19},"end":{"line":102,"column":41}},"29":{"start":{"line":103,"column":26},"end":{"line":103,"column":55}},"30":{"start":{"line":104,"column":21},"end":{"line":104,"column":64}},"31":{"start":{"line":107,"column":4},"end":{"line":116,"column":5}},"32":{"start":{"line":112,"column":6},"end":{"line":115,"column":9}},"33":{"start":{"line":119,"column":23},"end":{"line":119,"column":84}},"34":{"start":{"line":120,"column":23},"end":{"line":120,"column":48}},"35":{"start":{"line":124,"column":4},"end":{"line":134,"column":5}},"36":{"start":{"line":125,"column":6},"end":{"line":130,"column":8}},"37":{"start":{"line":132,"column":22},"end":{"line":132,"column":78}},"38":{"start":{"line":133,"column":6},"end":{"line":133,"column":78}},"39":{"start":{"line":136,"column":4},"end":{"line":214,"column":5}},"40":{"start":{"line":138,"column":27},"end":{"line":138,"column":69}},"41":{"start":{"line":141,"column":31},"end":{"line":165,"column":8}},"42":{"start":{"line":167,"column":26},"end":{"line":167,"column":79}},"43":{"start":{"line":168,"column":20},"end":{"line":168,"column":51}},"44":{"start":{"line":171,"column":41},"end":{"line":176,"column":null}},"45":{"start":{"line":179,"column":6},"end":{"line":201,"column":8}},"46":{"start":{"line":204,"column":6},"end":{"line":213,"column":7}},"47":{"start":{"line":205,"column":8},"end":{"line":210,"column":10}},"48":{"start":{"line":223,"column":4},"end":{"line":223,"column":77}},"49":{"start":{"line":223,"column":19},"end":{"line":223,"column":77}},"50":{"start":{"line":226,"column":83},"end":{"line":243,"column":6}},"51":{"start":{"line":245,"column":4},"end":{"line":245,"column":83}},"52":{"start":{"line":259,"column":24},"end":{"line":259,"column":26}},"53":{"start":{"line":260,"column":27},"end":{"line":260,"column":31}},"54":{"start":{"line":262,"column":4},"end":{"line":342,"column":5}},"55":{"start":{"line":262,"column":23},"end":{"line":262,"column":24}},"56":{"start":{"line":263,"column":26},"end":{"line":265,"column":8}},"57":{"start":{"line":267,"column":20},"end":{"line":267,"column":63}},"58":{"start":{"line":269,"column":6},"end":{"line":333,"column":7}},"59":{"start":{"line":271,"column":30},"end":{"line":273,"column":10}},"60":{"start":{"line":275,"column":26},"end":{"line":275,"column":79}},"61":{"start":{"line":276,"column":8},"end":{"line":278,"column":9}},"62":{"start":{"line":277,"column":10},"end":{"line":277,"column":65}},"63":{"start":{"line":282,"column":8},"end":{"line":292,"column":9}},"64":{"start":{"line":283,"column":31},"end":{"line":286,"column":12}},"65":{"start":{"line":287,"column":10},"end":{"line":287,"column":55}},"66":{"start":{"line":289,"column":10},"end":{"line":291,"column":12}},"67":{"start":{"line":298,"column":36},"end":{"line":298,"column":94}},"68":{"start":{"line":299,"column":8},"end":{"line":311,"column":9}},"69":{"start":{"line":302,"column":10},"end":{"line":302,"column":46}},"70":{"start":{"line":307,"column":13},"end":{"line":307,"column":88}},"71":{"start":{"line":308,"column":28},"end":{"line":308,"column":73}},"72":{"start":{"line":309,"column":27},"end":{"line":309,"column":60}},"73":{"start":{"line":310,"column":10},"end":{"line":310,"column":62}},"74":{"start":{"line":315,"column":8},"end":{"line":326,"column":9}},"75":{"start":{"line":316,"column":10},"end":{"line":321,"column":12}},"76":{"start":{"line":323,"column":10},"end":{"line":325,"column":12}},"77":{"start":{"line":328,"column":8},"end":{"line":332,"column":10}},"78":{"start":{"line":335,"column":6},"end":{"line":339,"column":7}},"79":{"start":{"line":336,"column":8},"end":{"line":338,"column":10}},"80":{"start":{"line":341,"column":6},"end":{"line":341,"column":74}},"81":{"start":{"line":341,"column":37},"end":{"line":341,"column":72}},"82":{"start":{"line":344,"column":4},"end":{"line":344,"column":67}},"83":{"start":{"line":40,"column":0},"end":{"line":40,"column":13}}},"fnMap":{"0":{"name":"(anonymous_0)","decl":{"start":{"line":46,"column":2},"end":{"line":46,"column":null}},"loc":{"start":{"line":48,"column":44},"end":{"line":56,"column":3}}},"1":{"name":"(anonymous_1)","decl":{"start":{"line":58,"column":10},"end":{"line":58,"column":15}},"loc":{"start":{"line":58,"column":25},"end":{"line":75,"column":3}}},"2":{"name":"(anonymous_2)","decl":{"start":{"line":77,"column":2},"end":{"line":77,"column":7}},"loc":{"start":{"line":77,"column":59},"end":{"line":79,"column":3}}},"3":{"name":"(anonymous_3)","decl":{"start":{"line":81,"column":2},"end":{"line":81,"column":7}},"loc":{"start":{"line":81,"column":61},"end":{"line":215,"column":3}}},"4":{"name":"(anonymous_4)","decl":{"start":{"line":220,"column":10},"end":{"line":220,"column":25}},"loc":{"start":{"line":221,"column":21},"end":{"line":246,"column":3}}},"5":{"name":"(anonymous_5)","decl":{"start":{"line":248,"column":10},"end":{"line":248,"column":15}},"loc":{"start":{"line":253,"column":24},"end":{"line":345,"column":3}}},"6":{"name":"(anonymous_6)","decl":{"start":{"line":341,"column":24},"end":{"line":341,"column":25}},"loc":{"start":{"line":341,"column":37},"end":{"line":341,"column":72}}}},"branchMap":{"0":{"loc":{"start":{"line":50,"column":4},"end":{"line":55,"column":5}},"type":"if","locations":[{"start":{"line":50,"column":4},"end":{"line":55,"column":5}}]},"1":{"loc":{"start":{"line":59,"column":4},"end":{"line":72,"column":5}},"type":"if","locations":[{"start":{"line":59,"column":4},"end":{"line":72,"column":5}}]},"2":{"loc":{"start":{"line":69,"column":6},"end":{"line":71,"column":7}},"type":"if","locations":[{"start":{"line":69,"column":6},"end":{"line":71,"column":7}}]},"3":{"loc":{"start":{"line":87,"column":4},"end":{"line":91,"column":5}},"type":"if","locations":[{"start":{"line":87,"column":4},"end":{"line":91,"column":5}},{"start":{"line":89,"column":11},"end":{"line":91,"column":5}}]},"4":{"loc":{"start":{"line":95,"column":4},"end":{"line":100,"column":5}},"type":"if","locations":[{"start":{"line":95,"column":4},"end":{"line":100,"column":5}}]},"5":{"loc":{"start":{"line":107,"column":4},"end":{"line":116,"column":5}},"type":"if","locations":[{"start":{"line":107,"column":4},"end":{"line":116,"column":5}}]},"6":{"loc":{"start":{"line":108,"column":6},"end":{"line":110,"column":39}},"type":"binary-expr","locations":[{"start":{"line":108,"column":6},"end":{"line":108,"column":38}},{"start":{"line":109,"column":6},"end":{"line":109,"column":28}},{"start":{"line":110,"column":6},"end":{"line":110,"column":39}}]},"7":{"loc":{"start":{"line":119,"column":23},"end":{"line":119,"column":84}},"type":"binary-expr","locations":[{"start":{"line":119,"column":23},"end":{"line":119,"column":54}},{"start":{"line":119,"column":58},"end":{"line":119,"column":84}}]},"8":{"loc":{"start":{"line":132,"column":22},"end":{"line":132,"column":78}},"type":"cond-expr","locations":[{"start":{"line":132,"column":47},"end":{"line":132,"column":60}},{"start":{"line":132,"column":63},"end":{"line":132,"column":78}}]},"9":{"loc":{"start":{"line":146,"column":23},"end":{"line":146,"column":54}},"type":"binary-expr","locations":[{"start":{"line":146,"column":23},"end":{"line":146,"column":42}},{"start":{"line":146,"column":46},"end":{"line":146,"column":54}}]},"10":{"loc":{"start":{"line":182,"column":18},"end":{"line":182,"column":51}},"type":"binary-expr","locations":[{"start":{"line":182,"column":18},"end":{"line":182,"column":38}},{"start":{"line":182,"column":42},"end":{"line":182,"column":51}}]},"11":{"loc":{"start":{"line":196,"column":23},"end":{"line":196,"column":54}},"type":"binary-expr","locations":[{"start":{"line":196,"column":23},"end":{"line":196,"column":42}},{"start":{"line":196,"column":46},"end":{"line":196,"column":54}}]},"12":{"loc":{"start":{"line":223,"column":4},"end":{"line":223,"column":77}},"type":"if","locations":[{"start":{"line":223,"column":4},"end":{"line":223,"column":77}}]},"13":{"loc":{"start":{"line":245,"column":11},"end":{"line":245,"column":82}},"type":"binary-expr","locations":[{"start":{"line":245,"column":11},"end":{"line":245,"column":28}},{"start":{"line":245,"column":32},"end":{"line":245,"column":82}}]},"14":{"loc":{"start":{"line":269,"column":6},"end":{"line":333,"column":7}},"type":"if","locations":[{"start":{"line":269,"column":6},"end":{"line":333,"column":7}}]},"15":{"loc":{"start":{"line":276,"column":8},"end":{"line":278,"column":9}},"type":"if","locations":[{"start":{"line":276,"column":8},"end":{"line":278,"column":9}}]},"16":{"loc":{"start":{"line":290,"column":57},"end":{"line":290,"column":113}},"type":"cond-expr","locations":[{"start":{"line":290,"column":82},"end":{"line":290,"column":95}},{"start":{"line":290,"column":98},"end":{"line":290,"column":113}}]},"17":{"loc":{"start":{"line":299,"column":8},"end":{"line":311,"column":9}},"type":"if","locations":[{"start":{"line":299,"column":8},"end":{"line":311,"column":9}},{"start":{"line":303,"column":15},"end":{"line":311,"column":9}}]},"18":{"loc":{"start":{"line":307,"column":13},"end":{"line":307,"column":88}},"type":"binary-expr","locations":[{"start":{"line":307,"column":13},"end":{"line":307,"column":82}},{"start":{"line":307,"column":86},"end":{"line":307,"column":88}}]},"19":{"loc":{"start":{"line":308,"column":28},"end":{"line":308,"column":73}},"type":"binary-expr","locations":[{"start":{"line":308,"column":28},"end":{"line":308,"column":47}},{"start":{"line":308,"column":51},"end":{"line":308,"column":73}}]},"20":{"loc":{"start":{"line":324,"column":56},"end":{"line":324,"column":112}},"type":"cond-expr","locations":[{"start":{"line":324,"column":81},"end":{"line":324,"column":94}},{"start":{"line":324,"column":97},"end":{"line":324,"column":112}}]},"21":{"loc":{"start":{"line":335,"column":6},"end":{"line":339,"column":7}},"type":"if","locations":[{"start":{"line":335,"column":6},"end":{"line":339,"column":7}}]},"22":{"loc":{"start":{"line":337,"column":39},"end":{"line":337,"column":103}},"type":"binary-expr","locations":[{"start":{"line":337,"column":39},"end":{"line":337,"column":84}},{"start":{"line":337,"column":88},"end":{"line":337,"column":103}}]}},"s":{"0":3,"1":3,"2":3,"3":3,"4":3,"5":44,"6":44,"7":44,"8":44,"9":44,"10":4,"11":19,"12":19,"13":19,"14":19,"15":19,"16":19,"17":1,"18":19,"19":20,"20":20,"21":20,"22":20,"23":1,"24":19,"25":20,"26":20,"27":1,"28":19,"29":19,"30":19,"31":19,"32":1,"33":19,"34":19,"35":19,"36":19,"37":1,"38":1,"39":18,"40":18,"41":18,"42":18,"43":18,"44":18,"45":13,"46":18,"47":18,"48":18,"49":17,"50":1,"51":1,"52":18,"53":18,"54":18,"55":18,"56":77,"57":77,"58":77,"59":16,"60":16,"61":16,"62":1,"63":15,"64":15,"65":14,"66":1,"67":14,"68":14,"69":13,"70":1,"71":1,"72":1,"73":1,"74":14,"75":14,"76":1,"77":13,"78":61,"79":1,"80":60,"81":60,"82":1,"83":3},"f":{"0":44,"1":19,"2":20,"3":20,"4":18,"5":18,"6":60},"b":{"0":[4],"1":[19],"2":[1],"3":[1,19],"4":[1],"5":[1],"6":[19,1,1],"7":[19,18],"8":[1,0],"9":[18,0],"10":[13,12],"11":[13,0],"12":[17],"13":[1,0],"14":[16],"15":[1],"16":[1,0],"17":[13,1],"18":[1,0],"19":[1,0],"20":[1,0],"21":[1],"22":[1,0]}}
,"/Users/acedergr/Projects/opencode-oci-genai/packages/oci-genai-provider/src/transcription-models/registry.ts": {"path":"/Users/acedergr/Projects/opencode-oci-genai/packages/oci-genai-provider/src/transcription-models/registry.ts","statementMap":{"0":{"start":{"line":86,"column":0},"end":{"line":86,"column":16}},"1":{"start":{"line":90,"column":0},"end":{"line":90,"column":16}},"2":{"start":{"line":96,"column":0},"end":{"line":96,"column":16}},"3":{"start":{"line":100,"column":0},"end":{"line":100,"column":16}},"4":{"start":{"line":104,"column":0},"end":{"line":104,"column":16}},"5":{"start":{"line":108,"column":0},"end":{"line":108,"column":16}},"6":{"start":{"line":12,"column":13},"end":{"line":43,"column":2}},"7":{"start":{"line":48,"column":13},"end":{"line":59,"column":11}},"8":{"start":{"line":65,"column":13},"end":{"line":81,"column":11}},"9":{"start":{"line":87,"column":2},"end":{"line":87,"column":60}},"10":{"start":{"line":87,"column":42},"end":{"line":87,"column":58}},"11":{"start":{"line":93,"column":2},"end":{"line":93,"column":60}},"12":{"start":{"line":93,"column":42},"end":{"line":93,"column":58}},"13":{"start":{"line":97,"column":2},"end":{"line":97,"column":30}},"14":{"start":{"line":101,"column":2},"end":{"line":101,"column":26}},"15":{"start":{"line":105,"column":2},"end":{"line":105,"column":27}},"16":{"start":{"line":109,"column":2},"end":{"line":109,"column":53}}},"fnMap":{"0":{"name":"isValidTranscriptionModelId","decl":{"start":{"line":86,"column":16},"end":{"line":86,"column":43}},"loc":{"start":{"line":86,"column":59},"end":{"line":88,"column":1}}},"1":{"name":"(anonymous_1)","decl":{"start":{"line":87,"column":35},"end":{"line":87,"column":36}},"loc":{"start":{"line":87,"column":42},"end":{"line":87,"column":58}}},"2":{"name":"getTranscriptionModelMetadata","decl":{"start":{"line":90,"column":16},"end":{"line":90,"column":45}},"loc":{"start":{"line":91,"column":17},"end":{"line":94,"column":1}}},"3":{"name":"(anonymous_3)","decl":{"start":{"line":93,"column":35},"end":{"line":93,"column":36}},"loc":{"start":{"line":93,"column":42},"end":{"line":93,"column":58}}},"4":{"name":"getAllTranscriptionModels","decl":{"start":{"line":96,"column":16},"end":{"line":96,"column":41}},"loc":{"start":{"line":96,"column":41},"end":{"line":98,"column":1}}},"5":{"name":"getOracleLanguages","decl":{"start":{"line":100,"column":16},"end":{"line":100,"column":34}},"loc":{"start":{"line":100,"column":34},"end":{"line":102,"column":1}}},"6":{"name":"getWhisperLanguages","decl":{"start":{"line":104,"column":16},"end":{"line":104,"column":35}},"loc":{"start":{"line":104,"column":35},"end":{"line":106,"column":1}}},"7":{"name":"getSupportedLanguages","decl":{"start":{"line":108,"column":16},"end":{"line":108,"column":37}},"loc":{"start":{"line":108,"column":37},"end":{"line":110,"column":1}}}},"branchMap":{},"s":{"0":4,"1":4,"2":4,"3":4,"4":4,"5":4,"6":4,"7":4,"8":4,"9":49,"10":92,"11":27,"12":35,"13":1,"14":1,"15":1,"16":0},"f":{"0":49,"1":92,"2":27,"3":35,"4":1,"5":1,"6":1,"7":0},"b":{}}
}
