TN:
SF:src/provider.ts
FN:38,(anonymous_0)
FN:53,(anonymous_1)
FN:71,(anonymous_2)
FN:81,(anonymous_3)
FN:94,(anonymous_4)
FN:112,(anonymous_5)
FN:130,(anonymous_6)
FNF:7
FNH:7
FNDA:90,(anonymous_0)
FNDA:51,(anonymous_1)
FNDA:24,(anonymous_2)
FNDA:5,(anonymous_3)
FNDA:16,(anonymous_4)
FNDA:18,(anonymous_5)
FNDA:16,(anonymous_6)
DA:1,2
DA:11,2
DA:12,2
DA:13,2
DA:14,2
DA:15,2
DA:35,2
DA:36,90
DA:38,90
DA:54,51
DA:55,51
DA:72,24
DA:73,24
DA:82,5
DA:95,16
DA:96,16
DA:113,18
DA:114,18
DA:131,16
DA:132,16
LF:20
LH:20
BRDA:38,0,0,14
BRF:1
BRH:1
end_of_record
TN:
SF:src/auth/index.ts
FN:7,createAuthProvider
FN:40,getCompartmentId
FN:56,getRegion
FNF:3
FNH:3
FNDA:31,createAuthProvider
FNDA:29,getCompartmentId
FNDA:29,getRegion
DA:1,5
DA:7,5
DA:10,31
DA:12,31
DA:14,28
DA:15,28
DA:17,28
DA:21,1
DA:22,1
DA:26,1
DA:30,1
DA:40,5
DA:42,29
DA:44,29
DA:45,1
DA:50,28
DA:56,5
DA:57,29
LF:18
LH:18
BRDA:10,0,0,31
BRDA:10,0,1,28
BRDA:12,1,0,28
BRDA:12,1,1,1
BRDA:12,1,2,1
BRDA:12,1,3,1
BRDA:14,2,0,28
BRDA:14,2,1,27
BRDA:15,3,0,28
BRDA:15,3,1,27
BRDA:42,4,0,29
BRDA:42,4,1,2
BRDA:44,5,0,1
BRDA:57,6,0,29
BRDA:57,6,1,21
BRDA:57,6,2,1
BRF:16
BRH:16
end_of_record
TN:
SF:src/embedding-models/oci-embedding-model.ts
FN:22,(anonymous_0)
FN:34,(anonymous_1)
FN:56,(anonymous_2)
FN:87,(anonymous_3)
FNF:4
FNH:4
FNDA:42,(anonymous_0)
FNDA:12,(anonymous_1)
FNDA:13,(anonymous_2)
FNDA:12,(anonymous_3)
DA:6,3
DA:7,3
DA:8,3
DA:14,3
DA:15,42
DA:16,42
DA:17,42
DA:18,42
DA:23,42
DA:24,42
DA:26,42
DA:27,3
DA:35,12
DA:36,11
DA:37,11
DA:39,11
DA:45,11
DA:47,11
DA:49,1
DA:53,12
DA:57,13
DA:60,13
DA:61,1
DA:66,12
DA:67,12
DA:69,12
DA:82,11
DA:84,11
DA:87,12
LF:29
LH:29
BRDA:26,0,0,3
BRDA:35,1,0,11
BRDA:47,2,0,1
BRDA:60,3,0,1
BRDA:77,4,0,12
BRDA:77,4,1,11
BRDA:78,5,0,12
BRDA:78,5,1,11
BRF:8
BRH:8
end_of_record
TN:
SF:src/embedding-models/registry.ts
FN:37,isValidEmbeddingModelId
FN:38,(anonymous_1)
FN:41,getEmbeddingModelMetadata
FN:42,(anonymous_3)
FN:45,getAllEmbeddingModels
FNF:5
FNH:5
FNDA:45,isValidEmbeddingModelId
FNDA:63,(anonymous_1)
FNDA:2,getEmbeddingModelMetadata
FNDA:4,(anonymous_3)
FNDA:1,getAllEmbeddingModels
DA:10,4
DA:37,4
DA:38,63
DA:41,4
DA:42,4
DA:45,4
DA:46,1
LF:7
LH:7
BRF:0
BRH:0
end_of_record
TN:
SF:src/language-models/oci-language-model.ts
FN:55,(anonymous_0)
FN:65,(anonymous_1)
FN:92,(anonymous_2)
FN:111,(anonymous_3)
FN:119,(anonymous_4)
FN:136,(anonymous_5)
FN:143,(anonymous_6)
FN:194,(anonymous_7)
FN:203,(anonymous_8)
FN:226,(anonymous_9)
FNF:10
FNH:10
FNDA:85,(anonymous_0)
FNDA:31,(anonymous_1)
FNDA:28,(anonymous_2)
FNDA:28,(anonymous_3)
FNDA:44,(anonymous_4)
FNDA:26,(anonymous_5)
FNDA:35,(anonymous_6)
FNDA:5,(anonymous_7)
FNDA:9,(anonymous_8)
FNDA:4,(anonymous_9)
DA:8,5
DA:9,5
DA:11,5
DA:12,5
DA:13,5
DA:14,5
DA:15,5
DA:16,5
DA:21,5
DA:48,5
DA:49,85
DA:50,85
DA:51,85
DA:52,85
DA:56,85
DA:57,85
DA:59,85
DA:60,4
DA:66,31
DA:67,30
DA:68,30
DA:69,28
DA:71,28
DA:76,28
DA:79,2
DA:80,2
DA:86,29
DA:93,28
DA:95,28
DA:116,28
DA:119,28
DA:120,44
DA:123,28
DA:124,25
DA:133,3
DA:137,26
DA:138,26
DA:139,24
DA:141,23
DA:142,23
DA:144,35
DA:160,14
DA:161,14
DA:162,14
DA:164,14
DA:190,9
DA:195,5
DA:196,5
DA:197,5
DA:199,5
DA:202,5
DA:204,9
DA:222,4
DA:223,4
DA:225,4
DA:227,4
DA:228,4
DA:229,9
DA:231,6
DA:236,3
DA:238,3
DA:257,4
DA:259,0
DA:264,4
DA:271,1
LF:65
LH:64
BRDA:59,0,0,4
BRDA:66,1,0,30
BRDA:79,2,0,2
BRDA:79,2,1,0
BRDA:93,3,0,28
BRDA:93,3,1,14
BRDA:97,4,0,28
BRDA:97,4,1,28
BRDA:97,4,2,25
BRDA:123,5,0,25
BRDA:161,6,0,14
BRDA:161,6,1,0
BRDA:162,7,0,14
BRDA:162,7,1,0
BRDA:169,8,0,14
BRDA:169,8,1,0
BRDA:175,9,0,14
BRDA:175,9,1,0
BRDA:229,10,0,6
BRDA:229,10,1,3
BRDA:236,11,0,3
BRF:21
BRH:16
end_of_record
TN:
SF:src/language-models/registry.ts
FN:138,isValidModelId
FN:139,(anonymous_1)
FN:142,getModelMetadata
FN:143,(anonymous_3)
FN:146,getAllModels
FN:150,getModelsByFamily
FN:151,(anonymous_6)
FNF:7
FNH:7
FNDA:101,isValidModelId
FNDA:930,(anonymous_1)
FNDA:5,getModelMetadata
FNDA:47,(anonymous_3)
FNDA:2,getAllModels
FNDA:5,getModelsByFamily
FNDA:80,(anonymous_6)
DA:3,6
DA:138,6
DA:139,930
DA:142,6
DA:143,47
DA:146,6
DA:147,2
DA:150,6
DA:151,80
LF:9
LH:9
BRF:0
BRH:0
end_of_record
TN:
SF:src/language-models/converters/messages.ts
FN:20,convertToOCIMessages
FN:21,(anonymous_1)
FN:40,(anonymous_2)
FNF:3
FNH:3
FNDA:48,convertToOCIMessages
FNDA:50,(anonymous_1)
FNDA:154,(anonymous_2)
DA:14,6
DA:20,6
DA:21,48
DA:22,50
DA:24,50
DA:25,1
DA:28,49
DA:31,49
DA:32,2
DA:39,47
DA:41,154
DA:42,95
DA:44,154
DA:48,47
LF:14
LH:14
BRDA:24,0,0,1
BRDA:31,1,0,2
BRDA:39,2,0,46
BRDA:39,2,1,1
BRDA:41,3,0,95
BRF:5
BRH:5
end_of_record
TN:
SF:src/reranking-models/OCIRerankingModel.ts
FN:14,(anonymous_0)
FN:23,(anonymous_1)
FN:44,(anonymous_2)
FN:90,(anonymous_3)
FNF:4
FNH:4
FNDA:38,(anonymous_0)
FNDA:18,(anonymous_1)
FNDA:20,(anonymous_2)
FNDA:36,(anonymous_3)
DA:3,3
DA:4,3
DA:5,3
DA:8,3
DA:9,38
DA:10,38
DA:15,38
DA:16,38
DA:18,38
DA:19,3
DA:24,18
DA:25,17
DA:26,17
DA:28,17
DA:33,17
DA:35,17
DA:37,1
DA:41,18
DA:55,20
DA:57,20
DA:58,1
DA:61,19
DA:62,19
DA:64,19
DA:65,1
DA:70,18
DA:71,18
DA:74,18
DA:88,17
DA:90,36
DA:96,17
LF:31
LH:31
BRDA:18,0,0,3
BRDA:24,1,0,17
BRDA:35,2,0,1
BRDA:57,3,0,1
BRDA:64,4,0,1
BRDA:64,5,0,19
BRDA:64,5,1,19
BRDA:83,6,0,18
BRDA:83,6,1,17
BRDA:84,7,0,18
BRDA:84,7,1,17
BRDA:91,8,0,36
BRDA:91,8,1,1
BRDA:92,9,0,36
BRDA:92,9,1,1
BRF:15
BRH:15
end_of_record
TN:
SF:src/reranking-models/registry.ts
FN:21,isValidRerankingModelId
FN:22,(anonymous_1)
FN:25,getRerankingModelMetadata
FN:26,(anonymous_3)
FN:29,getAllRerankingModels
FNF:5
FNH:5
FNDA:40,isValidRerankingModelId
FNDA:40,(anonymous_1)
FNDA:21,getRerankingModelMetadata
FNDA:21,(anonymous_3)
FNDA:1,getAllRerankingModels
DA:10,4
DA:21,4
DA:22,40
DA:25,4
DA:26,21
DA:29,4
DA:30,1
LF:7
LH:7
BRF:0
BRH:0
end_of_record
TN:
SF:src/shared/errors/index.ts
FN:19,(anonymous_0)
FN:54,(anonymous_1)
FN:73,(anonymous_2)
FN:92,(anonymous_3)
FN:107,(anonymous_4)
FN:120,isRetryableStatusCode
FN:127,handleOCIError
FNF:7
FNH:7
FNDA:50,(anonymous_0)
FNDA:5,(anonymous_1)
FNDA:6,(anonymous_2)
FNDA:6,(anonymous_3)
FNDA:6,(anonymous_4)
FNDA:22,isRetryableStatusCode
FNDA:19,handleOCIError
DA:13,7
DA:14,50
DA:24,50
DA:27,50
DA:28,19
DA:29,19
DA:31,31
DA:32,31
DA:35,50
DA:36,50
DA:49,7
DA:50,5
DA:51,5
DA:55,5
DA:56,5
DA:68,7
DA:69,6
DA:70,6
DA:74,6
DA:75,6
DA:87,7
DA:88,6
DA:89,6
DA:93,6
DA:94,6
DA:102,7
DA:103,6
DA:104,6
DA:108,6
DA:113,6
DA:120,7
DA:121,22
DA:127,7
DA:129,19
DA:130,1
DA:134,18
DA:135,18
DA:138,18
DA:141,18
DA:142,3
DA:143,15
DA:144,2
DA:145,13
DA:146,1
DA:147,12
DA:148,2
DA:151,18
LF:47
LH:47
BRDA:22,0,0,6
BRDA:27,1,0,19
BRDA:27,1,1,31
BRDA:35,2,0,50
BRDA:121,3,0,22
BRDA:121,3,1,19
BRDA:129,4,0,1
BRDA:135,5,0,15
BRDA:135,5,1,3
BRDA:138,6,0,12
BRDA:138,6,1,6
BRDA:141,7,0,3
BRDA:141,7,1,15
BRDA:143,8,0,2
BRDA:143,8,1,13
BRDA:145,9,0,1
BRDA:145,9,1,12
BRDA:147,10,0,2
BRF:18
BRH:18
end_of_record
TN:
SF:src/shared/storage/object-storage.ts
FN:17,uploadAudioToObjectStorage
FN:57,deleteFromObjectStorage
FN:82,generateAudioObjectName
FN:124,groupTokensIntoSegments
FN:142,(anonymous_4)
FN:156,(anonymous_5)
FN:175,downloadTranscriptionResult
FN:202,(anonymous_7)
FN:203,(anonymous_8)
FN:207,(anonymous_9)
FN:211,(anonymous_10)
FNF:11
FNH:11
FNDA:1,uploadAudioToObjectStorage
FNDA:1,deleteFromObjectStorage
FNDA:3,generateAudioObjectName
FNDA:6,groupTokensIntoSegments
FNDA:2,(anonymous_4)
FNDA:17,(anonymous_5)
FNDA:9,downloadTranscriptionResult
FNDA:9,(anonymous_7)
FNDA:8,(anonymous_8)
FNDA:8,(anonymous_9)
FNDA:1,(anonymous_10)
DA:2,3
DA:3,3
DA:5,3
DA:17,3
DA:23,1
DA:24,1
DA:26,1
DA:29,1
DA:32,1
DA:33,1
DA:36,1
DA:45,1
DA:57,3
DA:63,1
DA:64,1
DA:66,1
DA:69,1
DA:71,1
DA:82,3
DA:83,3
DA:84,3
DA:85,3
DA:125,6
DA:126,1
DA:129,5
DA:130,5
DA:132,5
DA:133,14
DA:134,14
DA:137,14
DA:139,14
DA:141,1
DA:142,2
DA:146,1
DA:149,13
DA:154,5
DA:155,5
DA:156,17
DA:162,5
DA:175,3
DA:181,9
DA:182,9
DA:184,9
DA:187,9
DA:189,9
DA:191,9
DA:198,9
DA:199,9
DA:202,9
DA:203,9
DA:204,8
DA:207,9
DA:208,8
DA:211,9
DA:212,1
DA:217,8
DA:220,8
DA:221,8
DA:223,1
DA:229,7
DA:230,7
DA:231,1
DA:235,6
DA:238,6
DA:239,6
DA:240,6
DA:241,21
DA:246,19
DA:257,6
DA:260,6
DA:261,6
DA:263,6
DA:270,3
DA:271,1
DA:273,2
DA:274,1
DA:276,1
DA:277,1
DA:279,0
LF:79
LH:78
BRDA:125,0,0,1
BRDA:125,1,0,6
BRDA:125,1,1,6
BRDA:139,2,0,1
BRDA:139,2,1,13
BRDA:154,3,0,5
BRDA:224,4,0,1
BRDA:224,4,1,0
BRDA:230,5,0,1
BRDA:235,6,0,6
BRDA:235,6,1,0
BRDA:239,7,0,6
BRDA:239,8,0,6
BRDA:239,8,1,6
BRDA:241,9,0,19
BRDA:242,10,0,21
BRDA:242,10,1,20
BRDA:242,10,2,20
BRDA:270,11,0,1
BRDA:270,12,0,3
BRDA:270,12,1,3
BRDA:273,13,0,1
BRDA:273,14,0,2
BRDA:273,14,1,2
BRDA:276,15,0,1
BRDA:276,16,0,1
BRDA:276,16,1,1
BRDA:280,17,0,0
BRDA:280,17,1,0
BRF:29
BRH:25
end_of_record
TN:
SF:src/shared/streaming/sse-parser.ts
FN:16,mapFinishReason
FN:38,parseSSEStream
FN:50,(anonymous_2)
FNF:3
FNH:3
FNDA:23,mapFinishReason
FNDA:17,parseSSEStream
FNDA:1122,(anonymous_2)
DA:1,6
DA:5,6
DA:16,6
DA:17,23
DA:38,6
DA:39,17
DA:40,17
DA:41,1
DA:44,16
DA:45,16
DA:46,16
DA:47,16
DA:49,16
DA:51,1122
DA:52,1122
DA:54,1121
DA:55,1121
DA:56,1120
DA:59,1120
DA:60,1120
DA:61,1113
DA:68,1120
DA:69,1120
DA:70,4
DA:85,16
DA:86,32
DA:88,32
DA:91,16
DA:94,16
DA:95,1117
DA:100,16
DA:101,0
LF:32
LH:31
BRDA:18,0,0,23
BRDA:18,0,1,2
BRDA:40,1,0,1
BRDA:52,2,0,1
BRDA:60,3,0,1113
BRDA:69,4,0,4
BRDA:74,5,0,4
BRDA:74,5,1,0
BRDA:75,6,0,4
BRDA:75,6,1,0
BRDA:88,7,0,16
BRF:11
BRH:9
end_of_record
TN:
SF:src/shared/utils/index.ts
FN:1,(anonymous_0)
FN:1,(anonymous_1)
FN:2,(anonymous_2)
FN:2,(anonymous_3)
FNF:4
FNH:3
FNDA:25,(anonymous_0)
FNDA:25,(anonymous_1)
FNDA:44,(anonymous_2)
FNDA:0,(anonymous_3)
DA:1,30
DA:2,49
LF:2
LH:2
BRF:0
BRH:0
end_of_record
TN:
SF:src/shared/utils/retry.ts
FN:29,isRetryableError
FN:75,calculateDelay
FN:89,withRetry
FN:112,(anonymous_3)
FNF:4
FNH:4
FNDA:57,isRetryableError
FNDA:29,calculateDelay
FNDA:34,withRetry
FNDA:29,(anonymous_3)
DA:16,6
DA:22,6
DA:24,6
DA:29,6
DA:30,57
DA:31,4
DA:36,53
DA:37,53
DA:39,28
DA:40,20
DA:43,8
DA:44,8
DA:49,25
DA:50,25
DA:51,3
DA:55,22
DA:56,22
DA:57,62
DA:58,4
DA:63,18
DA:64,32
DA:65,17
DA:69,1
DA:77,29
DA:80,29
DA:83,29
DA:89,6
DA:95,34
DA:99,34
DA:100,63
DA:101,63
DA:103,43
DA:106,43
DA:107,14
DA:111,29
DA:112,29
DA:117,0
LF:37
LH:36
BRDA:30,0,0,4
BRDA:36,1,0,53
BRDA:36,1,1,43
BRDA:37,2,0,28
BRDA:39,3,0,20
BRDA:39,4,0,28
BRDA:39,4,1,23
BRDA:39,4,2,15
BRDA:43,5,0,8
BRDA:43,6,0,8
BRDA:43,6,1,8
BRDA:50,7,0,3
BRDA:50,8,0,25
BRDA:50,8,1,3
BRDA:57,9,0,4
BRDA:64,10,0,17
BRDA:91,11,0,3
BRDA:92,12,0,3
BRDA:93,13,0,7
BRDA:94,14,0,8
BRDA:95,15,0,34
BRDA:95,15,1,2
BRDA:106,16,0,14
BRDA:106,17,0,43
BRDA:106,17,1,34
BRF:25
BRH:25
end_of_record
TN:
SF:src/shared/utils/timeout.ts
FN:13,(anonymous_0)
FN:51,withTimeout
FN:58,(anonymous_2)
FN:59,(anonymous_3)
FN:64,(anonymous_4)
FNF:5
FNH:5
FNDA:9,(anonymous_0)
FNDA:51,withTimeout
FNDA:51,(anonymous_2)
FNDA:4,(anonymous_3)
FNDA:51,(anonymous_4)
DA:8,6
DA:9,9
DA:14,9
DA:17,9
DA:18,9
DA:19,9
DA:22,9
DA:23,9
DA:51,6
DA:58,51
DA:59,51
DA:60,4
DA:64,51
DA:65,51
LF:14
LH:14
BRDA:14,0,0,3
BRDA:14,0,1,6
BRDA:22,1,0,9
BRF:3
BRH:3
end_of_record
TN:
SF:src/speech-models/OCISpeechModel.ts
FN:16,(anonymous_0)
FN:31,(anonymous_1)
FN:50,(anonymous_2)
FN:54,(anonymous_3)
FN:127,(anonymous_4)
FN:143,(anonymous_5)
FN:146,(anonymous_6)
FN:147,(anonymous_7)
FN:151,(anonymous_8)
FN:156,(anonymous_9)
FNF:10
FNH:9
FNDA:34,(anonymous_0)
FNDA:6,(anonymous_1)
FNDA:5,(anonymous_2)
FNDA:7,(anonymous_3)
FNDA:6,(anonymous_4)
FNDA:6,(anonymous_5)
FNDA:6,(anonymous_6)
FNDA:6,(anonymous_7)
FNDA:6,(anonymous_8)
FNDA:0,(anonymous_9)
DA:1,3
DA:2,3
DA:4,3
DA:5,3
DA:9,3
DA:10,34
DA:11,34
DA:17,34
DA:20,34
DA:21,4
DA:25,30
DA:26,30
DA:27,30
DA:28,30
DA:32,6
DA:33,6
DA:34,6
DA:36,6
DA:40,6
DA:42,6
DA:43,0
DA:47,6
DA:51,5
DA:61,7
DA:62,7
DA:64,7
DA:65,7
DA:67,7
DA:68,1
DA:73,6
DA:74,6
DA:77,6
DA:80,6
DA:96,6
DA:101,6
DA:103,6
DA:128,6
DA:131,1
DA:133,0
DA:136,5
DA:144,6
DA:146,6
DA:147,6
DA:148,6
DA:151,6
DA:152,6
DA:153,6
DA:156,6
DA:157,0
LF:49
LH:46
BRDA:20,0,0,4
BRDA:27,1,0,30
BRDA:27,1,1,27
BRDA:27,1,2,27
BRDA:32,2,0,6
BRDA:42,3,0,0
BRDA:65,4,0,0
BRDA:67,5,0,1
BRDA:118,6,0,6
BRDA:118,6,1,5
BRDA:128,7,0,1
BRDA:128,7,1,1
BRDA:128,7,2,0
BRDA:128,7,3,0
BRDA:128,7,4,5
BRF:15
BRH:11
end_of_record
TN:
SF:src/speech-models/registry.ts
FN:53,isValidSpeechModelId
FN:54,(anonymous_1)
FN:57,getSpeechModelMetadata
FN:58,(anonymous_3)
FN:61,getAllSpeechModels
FN:124,getAllVoices
FNF:6
FNH:5
FNDA:38,isValidSpeechModelId
FNDA:48,(anonymous_1)
FNDA:43,getSpeechModelMetadata
FNDA:50,(anonymous_3)
FNDA:1,getAllSpeechModels
FNDA:0,getAllVoices
DA:15,4
DA:30,4
DA:32,4
DA:53,4
DA:54,48
DA:57,4
DA:58,50
DA:61,4
DA:62,1
DA:78,4
DA:124,4
DA:125,0
LF:12
LH:11
BRF:0
BRH:0
end_of_record
TN:
SF:src/transcription-models/OCITranscriptionModel.ts
FN:46,(anonymous_0)
FN:58,(anonymous_1)
FN:77,(anonymous_2)
FN:81,(anonymous_3)
FN:220,(anonymous_4)
FN:248,(anonymous_5)
FN:341,(anonymous_6)
FNF:7
FNH:7
FNDA:44,(anonymous_0)
FNDA:19,(anonymous_1)
FNDA:20,(anonymous_2)
FNDA:20,(anonymous_3)
FNDA:18,(anonymous_4)
FNDA:18,(anonymous_5)
FNDA:60,(anonymous_6)
DA:1,3
DA:2,3
DA:3,3
DA:4,3
DA:5,3
DA:40,3
DA:41,44
DA:42,44
DA:47,44
DA:48,44
DA:50,44
DA:51,4
DA:59,19
DA:60,19
DA:61,19
DA:63,19
DA:67,19
DA:69,19
DA:70,1
DA:74,19
DA:78,20
DA:82,20
DA:83,20
DA:87,20
DA:88,1
DA:90,19
DA:94,20
DA:95,20
DA:96,1
DA:102,19
DA:103,19
DA:104,19
DA:107,19
DA:112,1
DA:119,19
DA:120,19
DA:124,19
DA:125,19
DA:132,1
DA:133,1
DA:136,18
DA:138,18
DA:141,18
DA:167,18
DA:168,18
DA:171,18
DA:179,13
DA:204,18
DA:205,18
DA:223,18
DA:226,1
DA:245,1
DA:259,18
DA:260,18
DA:262,18
DA:263,77
DA:267,77
DA:269,77
DA:271,16
DA:275,16
DA:276,16
DA:277,1
DA:282,15
DA:283,15
DA:287,14
DA:289,1
DA:298,14
DA:299,14
DA:302,13
DA:307,1
DA:308,1
DA:309,1
DA:310,1
DA:315,14
DA:316,14
DA:323,1
DA:328,13
DA:335,61
DA:336,1
DA:341,60
DA:344,1
LF:81
LH:81
BRDA:50,0,0,4
BRDA:59,1,0,19
BRDA:69,2,0,1
BRDA:87,3,0,1
BRDA:87,3,1,19
BRDA:95,4,0,1
BRDA:107,5,0,1
BRDA:108,6,0,19
BRDA:108,6,1,1
BRDA:108,6,2,1
BRDA:119,7,0,19
BRDA:119,7,1,18
BRDA:132,8,0,1
BRDA:132,8,1,0
BRDA:146,9,0,18
BRDA:146,9,1,0
BRDA:182,10,0,13
BRDA:182,10,1,12
BRDA:196,11,0,13
BRDA:196,11,1,0
BRDA:223,12,0,17
BRDA:245,13,0,1
BRDA:245,13,1,0
BRDA:269,14,0,16
BRDA:276,15,0,1
BRDA:290,16,0,1
BRDA:290,16,1,0
BRDA:299,17,0,13
BRDA:299,17,1,1
BRDA:307,18,0,1
BRDA:307,18,1,0
BRDA:308,19,0,1
BRDA:308,19,1,0
BRDA:324,20,0,1
BRDA:324,20,1,0
BRDA:335,21,0,1
BRDA:337,22,0,1
BRDA:337,22,1,0
BRF:38
BRH:29
end_of_record
TN:
SF:src/transcription-models/registry.ts
FN:86,isValidTranscriptionModelId
FN:87,(anonymous_1)
FN:90,getTranscriptionModelMetadata
FN:93,(anonymous_3)
FN:96,getAllTranscriptionModels
FN:100,getOracleLanguages
FN:104,getWhisperLanguages
FN:108,getSupportedLanguages
FNF:8
FNH:7
FNDA:49,isValidTranscriptionModelId
FNDA:92,(anonymous_1)
FNDA:27,getTranscriptionModelMetadata
FNDA:35,(anonymous_3)
FNDA:1,getAllTranscriptionModels
FNDA:1,getOracleLanguages
FNDA:1,getWhisperLanguages
FNDA:0,getSupportedLanguages
DA:12,4
DA:48,4
DA:65,4
DA:86,4
DA:87,92
DA:90,4
DA:93,35
DA:96,4
DA:97,1
DA:100,4
DA:101,1
DA:104,4
DA:105,1
DA:108,4
DA:109,0
LF:15
LH:14
BRF:0
BRH:0
end_of_record
